2020-08-18 23:41:54 [PicGo INFO] Before transform
2020-08-18 23:41:54 [PicGo INFO] Transforming...
2020-08-18 23:41:54 [PicGo INFO] Before upload
2020-08-18 23:41:54 [PicGo INFO] Uploading...
2020-08-18 23:41:54 [PicGo WARN] failed
2020-08-18 23:41:54 [PicGo ERROR] Error: Can't find smms config, please provide api token, see https://sm.ms/home/apitoken
------Error Stack Begin------
Error: Can't find smms config, please provide api token, see https://sm.ms/home/apitoken
    at Object.handle (/home/zzhenry/.config/Typora/picgo/linux/node_modules/picgo/dist/src/plugins/uploader/smms.js:26:15)
    at Lifecycle.doUpload (/home/zzhenry/.config/Typora/picgo/linux/node_modules/picgo/dist/src/core/Lifecycle.js:70:24)
    at Lifecycle.start (/home/zzhenry/.config/Typora/picgo/linux/node_modules/picgo/dist/src/core/Lifecycle.js:21:24)
    at async PicGo.upload (/home/zzhenry/.config/Typora/picgo/linux/node_modules/picgo/dist/src/core/PicGo.js:156:13)
    at async Command.<anonymous> (/home/zzhenry/.config/Typora/picgo/linux/node_modules/picgo/dist/src/plugins/commander/upload.js:29:13)
-------Error Stack End-------
2020-08-18 23:43:31 [PicGo INFO] Before transform
2020-08-18 23:43:31 [PicGo INFO] Transforming...
2020-08-18 23:43:31 [PicGo INFO] Before upload
2020-08-18 23:43:31 [PicGo INFO] Uploading...
2020-08-18 23:43:31 [PicGo WARN] failed
2020-08-18 23:43:31 [PicGo ERROR] Error: Can't find smms config, please provide api token, see https://sm.ms/home/apitoken
------Error Stack Begin------
Error: Can't find smms config, please provide api token, see https://sm.ms/home/apitoken
    at Object.handle (/home/zzhenry/.config/Typora/picgo/linux/node_modules/picgo/dist/src/plugins/uploader/smms.js:26:15)
    at Lifecycle.doUpload (/home/zzhenry/.config/Typora/picgo/linux/node_modules/picgo/dist/src/core/Lifecycle.js:70:24)
    at Lifecycle.start (/home/zzhenry/.config/Typora/picgo/linux/node_modules/picgo/dist/src/core/Lifecycle.js:21:24)
    at async PicGo.upload (/home/zzhenry/.config/Typora/picgo/linux/node_modules/picgo/dist/src/core/PicGo.js:156:13)
    at async Command.<anonymous> (/home/zzhenry/.config/Typora/picgo/linux/node_modules/picgo/dist/src/plugins/commander/upload.js:29:13)
-------Error Stack End-------
2020-08-18 23:43:46 [PicGo INFO] Before transform
2020-08-18 23:43:46 [PicGo INFO] Transforming...
2020-08-18 23:43:46 [PicGo INFO] Before upload
2020-08-18 23:43:46 [PicGo INFO] Uploading...
2020-08-18 23:43:46 [PicGo WARN] failed
2020-08-18 23:43:46 [PicGo ERROR] Error: Can't find smms config, please provide api token, see https://sm.ms/home/apitoken
------Error Stack Begin------
Error: Can't find smms config, please provide api token, see https://sm.ms/home/apitoken
    at Object.handle (/home/zzhenry/.config/Typora/picgo/linux/node_modules/picgo/dist/src/plugins/uploader/smms.js:26:15)
    at Lifecycle.doUpload (/home/zzhenry/.config/Typora/picgo/linux/node_modules/picgo/dist/src/core/Lifecycle.js:70:24)
    at Lifecycle.start (/home/zzhenry/.config/Typora/picgo/linux/node_modules/picgo/dist/src/core/Lifecycle.js:21:24)
    at async PicGo.upload (/home/zzhenry/.config/Typora/picgo/linux/node_modules/picgo/dist/src/core/PicGo.js:156:13)
    at async Command.<anonymous> (/home/zzhenry/.config/Typora/picgo/linux/node_modules/picgo/dist/src/plugins/commander/upload.js:29:13)
-------Error Stack End-------
2020-08-18 23:45:57 [PicGo SUCCESS] 插件安装成功
2020-08-18 23:47:14 [PicGo INFO] Before transform
2020-08-18 23:47:14 [PicGo INFO] Transforming...
2020-08-18 23:47:14 [PicGo INFO] Before upload
2020-08-18 23:47:14 [PicGo INFO] Uploading...
2020-08-18 23:47:14 [PicGo WARN] failed
2020-08-18 23:47:14 [PicGo ERROR] Error: Can't find smms config, please provide api token, see https://sm.ms/home/apitoken
------Error Stack Begin------
Error: Can't find smms config, please provide api token, see https://sm.ms/home/apitoken
    at Object.handle (/home/zzhenry/.config/Typora/picgo/linux/node_modules/picgo/dist/src/plugins/uploader/smms.js:26:15)
    at Lifecycle.doUpload (/home/zzhenry/.config/Typora/picgo/linux/node_modules/picgo/dist/src/core/Lifecycle.js:70:24)
    at Lifecycle.start (/home/zzhenry/.config/Typora/picgo/linux/node_modules/picgo/dist/src/core/Lifecycle.js:21:24)
    at async PicGo.upload (/home/zzhenry/.config/Typora/picgo/linux/node_modules/picgo/dist/src/core/PicGo.js:156:13)
    at async Command.<anonymous> (/home/zzhenry/.config/Typora/picgo/linux/node_modules/picgo/dist/src/plugins/commander/upload.js:29:13)
-------Error Stack End-------
2020-08-19 00:22:43 [PicGo INFO] Before transform
2020-08-19 00:22:43 [PicGo INFO] Transforming...
2020-08-19 00:22:43 [PicGo INFO] Before upload
2020-08-19 00:22:43 [PicGo INFO] Uploading...
2020-08-19 00:22:53 [PicGo SUCCESS] 
https://i.loli.net/2020/08/19/c6vsND3YP4nJTF9.png
https://i.loli.net/2020/08/19/DZuG8YQoitgpT2b.png
2020-08-19 00:23:34 [PicGo INFO] Before transform
2020-08-19 00:23:34 [PicGo INFO] Transforming...
2020-08-19 00:23:34 [PicGo INFO] Before upload
2020-08-19 00:23:34 [PicGo INFO] Uploading...
2020-08-19 00:23:40 [PicGo INFO] Before transform
2020-08-19 00:23:40 [PicGo INFO] Transforming...
2020-08-19 00:23:40 [PicGo INFO] Before upload
2020-08-19 00:23:40 [PicGo INFO] Uploading...
2020-08-19 00:23:41 [PicGo SUCCESS] 
https://i.loli.net/2020/08/19/lmfuOngqpTDsQeG.png
2020-08-19 00:23:46 [PicGo SUCCESS] 
https://i.loli.net/2020/08/19/Y3KIl8BPdC7crWb.png
2020-08-19 00:23:54 [PicGo INFO] Before transform
2020-08-19 00:23:54 [PicGo INFO] Transforming...
2020-08-19 00:23:54 [PicGo INFO] Before upload
2020-08-19 00:23:54 [PicGo INFO] Uploading...
2020-08-19 00:23:59 [PicGo SUCCESS] 
https://i.loli.net/2020/08/19/1KJXhFdLqa3c65G.png
2020-08-19 00:32:12 [PicGo INFO] Before transform
2020-08-19 00:32:12 [PicGo INFO] Transforming...
2020-08-19 00:32:12 [PicGo INFO] Before upload
2020-08-19 00:32:12 [PicGo INFO] Uploading...
2020-08-19 00:32:16 [PicGo SUCCESS] 
https://cdn.jsdelivr.net/gh/Shadowalker1995/images/2020/1563155445050.png
2020-08-19 00:34:46 [PicGo INFO] Before transform
2020-08-19 00:34:46 [PicGo INFO] Transforming...
2020-08-19 00:34:46 [PicGo INFO] Before upload
2020-08-19 00:34:46 [PicGo INFO] Uploading...
2020-08-19 00:34:51 [PicGo INFO] Before transform
2020-08-19 00:34:51 [PicGo INFO] Transforming...
2020-08-19 00:34:51 [PicGo INFO] Before upload
2020-08-19 00:34:51 [PicGo INFO] Uploading...
2020-08-19 00:34:52 [PicGo SUCCESS] 
https://cdn.jsdelivr.net/gh/Shadowalker1995/images/2020/1563156562109.png
2020-08-19 00:34:54 [PicGo SUCCESS] 
https://cdn.jsdelivr.net/gh/Shadowalker1995/images/2020/1563200876660.png
2020-08-19 00:34:58 [PicGo INFO] Before transform
2020-08-19 00:34:58 [PicGo INFO] Transforming...
2020-08-19 00:34:58 [PicGo INFO] Before upload
2020-08-19 00:34:58 [PicGo INFO] Uploading...
2020-08-19 00:35:02 [PicGo SUCCESS] 
https://cdn.jsdelivr.net/gh/Shadowalker1995/images/2020/1563200935981.png
2020-08-19 00:35:10 [PicGo INFO] Before transform
2020-08-19 00:35:10 [PicGo INFO] Transforming...
2020-08-19 00:35:10 [PicGo INFO] Before upload
2020-08-19 00:35:10 [PicGo INFO] Uploading...
2020-08-19 00:35:12 [PicGo SUCCESS] 
https://cdn.jsdelivr.net/gh/Shadowalker1995/images/2020/1564489139051.png
2020-08-24 01:53:34 [PicGo INFO] Before transform
2020-08-24 01:53:34 [PicGo INFO] Transforming...
2020-08-24 01:53:34 [PicGo INFO] Before upload
2020-08-24 01:53:34 [PicGo INFO] Uploading...
2020-08-24 01:53:38 [PicGo SUCCESS] 
https://i.loli.net/2020/08/24/cH7Z2I61CzumiSv.jpg
2020-08-24 01:54:35 [PicGo INFO] Before transform
2020-08-24 01:54:35 [PicGo INFO] Transforming...
2020-08-24 01:54:35 [PicGo INFO] Before upload
2020-08-24 01:54:35 [PicGo INFO] Uploading...
2020-08-24 01:54:39 [PicGo SUCCESS] 
https://i.loli.net/2020/08/24/OEAjCTlNXibeyUG.jpg
2020-08-25 00:41:19 [PicGo INFO] Before transform
2020-08-25 00:41:19 [PicGo INFO] Transforming...
2020-08-25 00:41:19 [PicGo INFO] Before upload
2020-08-25 00:41:19 [PicGo INFO] Uploading...
2020-08-25 00:41:23 [PicGo SUCCESS] 
https://i.loli.net/2020/08/25/mOzhW6nsSoZQUg8.png
2020-08-25 00:41:43 [PicGo INFO] Before transform
2020-08-25 00:41:43 [PicGo INFO] Transforming...
2020-08-25 00:41:43 [PicGo INFO] Before upload
2020-08-25 00:41:43 [PicGo INFO] Uploading...
2020-08-25 00:41:47 [PicGo WARN] failed
2020-08-25 00:41:47 [PicGo ERROR] Error: Image upload repeated limit, this image exists at: https://i.loli.net/2020/08/25/mOzhW6nsSoZQUg8.png
------Error Stack Begin------
Error: Image upload repeated limit, this image exists at: https://i.loli.net/2020/08/25/mOzhW6nsSoZQUg8.png
    at Object.handle (/home/zzhenry/.picgo/node_modules/picgo-plugin-smms-user/src/index.js:55:15)
    at processTicksAndRejections (internal/process/task_queues.js:93:5)
    at async Lifecycle.doUpload (/home/zzhenry/.config/Typora/picgo/linux/node_modules/picgo/dist/src/core/Lifecycle.js:70:9)
    at async Lifecycle.start (/home/zzhenry/.config/Typora/picgo/linux/node_modules/picgo/dist/src/core/Lifecycle.js:21:13)
    at async PicGo.upload (/home/zzhenry/.config/Typora/picgo/linux/node_modules/picgo/dist/src/core/PicGo.js:156:13)
    at async Command.<anonymous> (/home/zzhenry/.config/Typora/picgo/linux/node_modules/picgo/dist/src/plugins/commander/upload.js:29:13)
-------Error Stack End-------
2020-08-25 00:42:14 [PicGo INFO] Before transform
2020-08-25 00:42:14 [PicGo INFO] Transforming...
2020-08-25 00:42:14 [PicGo INFO] Before upload
2020-08-25 00:42:14 [PicGo INFO] Uploading...
2020-08-25 00:42:18 [PicGo SUCCESS] 
https://i.loli.net/2020/08/25/s3z6aBt1wErNvcK.png
2020-08-25 00:43:07 [PicGo INFO] Before transform
2020-08-25 00:43:07 [PicGo INFO] Transforming...
2020-08-25 00:43:07 [PicGo ERROR] request https://enfangzhong.github.io/2019/06/01/个性化推荐算法实践第03章基于图的个性化推荐召回算法PersonalRank/1564727091910.png error
2020-08-25 00:43:07 [PicGo INFO] Before upload
2020-08-25 00:43:07 [PicGo INFO] Uploading...
2020-08-25 00:43:07 [PicGo SUCCESS] 

2020-08-25 00:43:36 [PicGo INFO] Before transform
2020-08-25 00:43:36 [PicGo INFO] Transforming...
2020-08-25 00:43:36 [PicGo ERROR] request https://enfangzhong.github.io/2019/06/01/个性化推荐算法实践第03章基于图的个性化推荐召回算法PersonalRank/1564727091910.png error
2020-08-25 00:43:36 [PicGo INFO] Before upload
2020-08-25 00:43:36 [PicGo INFO] Uploading...
2020-08-25 00:43:36 [PicGo SUCCESS] 

2020-08-25 00:43:38 [PicGo INFO] Before transform
2020-08-25 00:43:38 [PicGo INFO] Transforming...
2020-08-25 00:43:38 [PicGo ERROR] request https://enfangzhong.github.io/2019/06/01/个性化推荐算法实践第03章基于图的个性化推荐召回算法PersonalRank/1564727091910.png error
2020-08-25 00:43:38 [PicGo INFO] Before upload
2020-08-25 00:43:38 [PicGo INFO] Uploading...
2020-08-25 00:43:38 [PicGo SUCCESS] 

2020-08-25 00:44:13 [PicGo INFO] Before transform
2020-08-25 00:44:13 [PicGo INFO] Transforming...
2020-08-25 00:44:13 [PicGo ERROR] request https://enfangzhong.github.io/2019/06/01/个性化推荐算法实践第03章基于图的个性化推荐召回算法PersonalRank/1564727091910.png error
2020-08-25 00:44:13 [PicGo INFO] Before upload
2020-08-25 00:44:13 [PicGo INFO] Uploading...
2020-08-25 00:44:13 [PicGo SUCCESS] 

2020-08-25 00:45:05 [PicGo INFO] Before transform
2020-08-25 00:45:05 [PicGo INFO] Transforming...
2020-08-25 00:45:05 [PicGo INFO] Before upload
2020-08-25 00:45:05 [PicGo INFO] Uploading...
2020-08-25 00:45:09 [PicGo SUCCESS] 
https://i.loli.net/2020/08/25/jBZOR5qTKIaMUts.png
2020-08-25 01:01:27 [PicGo INFO] Before transform
2020-08-25 01:01:27 [PicGo INFO] Transforming...
2020-08-25 01:01:27 [PicGo INFO] Before upload
2020-08-25 01:01:27 [PicGo INFO] Uploading...
2020-08-25 01:01:31 [PicGo SUCCESS] 
https://i.loli.net/2020/08/25/NEBvf95eDgtP1i3.png
2020-08-25 23:32:47 [PicGo INFO] Before transform
2020-08-25 23:32:47 [PicGo INFO] Transforming...
2020-08-25 23:32:47 [PicGo INFO] Before upload
2020-08-25 23:32:47 [PicGo INFO] Uploading...
2020-08-25 23:32:51 [PicGo SUCCESS] 
https://i.loli.net/2020/08/26/RkGYOmHB8z9bnIf.png
2020-08-25 23:33:24 [PicGo INFO] Before transform
2020-08-25 23:33:24 [PicGo INFO] Transforming...
2020-08-25 23:33:24 [PicGo INFO] Before upload
2020-08-25 23:33:24 [PicGo INFO] Uploading...
2020-08-25 23:33:28 [PicGo SUCCESS] 
https://i.loli.net/2020/08/26/BPe83QyYG7iM6km.png
2020-08-25 23:34:43 [PicGo INFO] Before transform
2020-08-25 23:34:43 [PicGo INFO] Transforming...
2020-08-25 23:34:43 [PicGo INFO] Before upload
2020-08-25 23:34:43 [PicGo INFO] Uploading...
2020-08-25 23:34:47 [PicGo SUCCESS] 
https://i.loli.net/2020/08/26/LghsIDdrMpPv6Wn.png
2020-08-25 23:35:04 [PicGo INFO] Before transform
2020-08-25 23:35:04 [PicGo INFO] Transforming...
2020-08-25 23:35:04 [PicGo INFO] Before upload
2020-08-25 23:35:04 [PicGo INFO] Uploading...
2020-08-25 23:35:07 [PicGo SUCCESS] 
https://i.loli.net/2020/08/26/JpdKU7c2BTrLH9b.png
2020-08-25 23:35:19 [PicGo INFO] Before transform
2020-08-25 23:35:19 [PicGo INFO] Transforming...
2020-08-25 23:35:19 [PicGo INFO] Before upload
2020-08-25 23:35:19 [PicGo INFO] Uploading...
2020-08-25 23:35:22 [PicGo SUCCESS] 
https://i.loli.net/2020/08/26/jCuR3ONDd4z5b9W.png
2020-09-06 00:45:04 [PicGo INFO] Before transform
2020-09-06 00:45:04 [PicGo INFO] Transforming...
2020-09-06 00:45:04 [PicGo INFO] Before upload
2020-09-06 00:45:04 [PicGo INFO] Uploading...
2020-09-06 00:45:08 [PicGo SUCCESS] 
https://i.loli.net/2020/09/06/kioLJOCGyTY7BWw.png
2020-09-25 13:52:26 [PicGo INFO] Before transform
2020-09-25 13:52:26 [PicGo INFO] Transforming...
2020-09-25 13:52:26 [PicGo INFO] Before upload
2020-09-25 13:52:26 [PicGo INFO] Uploading...
2020-09-25 13:52:29 [PicGo SUCCESS] 
https://i.loli.net/2020/09/26/3saVTW1vKpPrq2z.png
2020-09-25 13:53:00 [PicGo INFO] Before transform
2020-09-25 13:53:00 [PicGo INFO] Transforming...
2020-09-25 13:53:00 [PicGo INFO] Before upload
2020-09-25 13:53:00 [PicGo INFO] Uploading...
2020-09-25 13:53:05 [PicGo SUCCESS] 
https://i.loli.net/2020/09/26/XGICE9krqfxLM3h.png
2020-09-27 01:15:34 [PicGo INFO] Before transform
2020-09-27 01:15:34 [PicGo INFO] Transforming...
2020-09-27 01:15:34 [PicGo INFO] Before upload
2020-09-27 01:15:34 [PicGo INFO] Uploading...
2020-09-27 01:15:38 [PicGo SUCCESS] 
https://i.loli.net/2020/09/27/NArUd1iZ45FYxev.png
2020-10-15 21:57:36 [PicGo INFO] Before transform
2020-10-15 21:57:36 [PicGo INFO] Transforming...
2020-10-15 21:57:36 [PicGo INFO] Before transform
2020-10-15 21:57:36 [PicGo INFO] Transforming...
2020-10-15 21:57:36 [PicGo INFO] Before upload
2020-10-15 21:57:36 [PicGo INFO] Uploading...
2020-10-15 21:57:36 [PicGo INFO] Before upload
2020-10-15 21:57:36 [PicGo INFO] Uploading...
2020-10-15 21:57:41 [PicGo SUCCESS] 
https://i.loli.net/2020/10/16/CNekUTFAdwvtZG8.png
2020-10-15 21:57:42 [PicGo SUCCESS] 
https://i.loli.net/2020/10/16/QCcurZAbV3FmR4J.png
2020-11-08 13:10:18 [PicGo INFO] Before transform
2020-11-08 13:10:18 [PicGo INFO] Transforming...
2020-11-08 13:10:18 [PicGo INFO] Before upload
2020-11-08 13:10:18 [PicGo INFO] Uploading...
2020-11-08 13:10:23 [PicGo SUCCESS] 
https://i.loli.net/2020/11/09/NemQdAcMEOKzShr.png
2020-11-08 13:11:34 [PicGo INFO] Before transform
2020-11-08 13:11:34 [PicGo INFO] Transforming...
2020-11-08 13:11:35 [PicGo INFO] Before upload
2020-11-08 13:11:35 [PicGo INFO] Uploading...
2020-11-08 13:11:38 [PicGo SUCCESS] 
https://i.loli.net/2020/11/09/dBMlSDJ8emTqj5E.png
2020-12-18 21:34:14 [PicGo INFO] Before transform
2020-12-18 21:34:14 [PicGo INFO] Transforming...
2020-12-18 21:34:15 [PicGo INFO] Before upload
2020-12-18 21:34:15 [PicGo INFO] Uploading...
2020-12-18 21:34:18 [PicGo SUCCESS] 
https://i.loli.net/2020/12/19/3owMEBiHmpatZ6L.png
2020-12-18 21:35:08 [PicGo INFO] Before transform
2020-12-18 21:35:08 [PicGo INFO] Transforming...
2020-12-18 21:35:08 [PicGo INFO] Before upload
2020-12-18 21:35:08 [PicGo INFO] Uploading...
2020-12-18 21:35:11 [PicGo SUCCESS] 
https://i.loli.net/2020/12/19/R8rQDMzUcanSf2j.png
2020-12-18 21:36:49 [PicGo INFO] Before transform
2020-12-18 21:36:49 [PicGo INFO] Transforming...
2020-12-18 21:36:49 [PicGo INFO] Before upload
2020-12-18 21:36:49 [PicGo INFO] Uploading...
2020-12-18 21:36:53 [PicGo SUCCESS] 
https://i.loli.net/2020/12/19/wBTYRJxSPFOKeg1.png
2020-12-29 22:39:51 [PicGo INFO] Before transform
2020-12-29 22:39:51 [PicGo INFO] Transforming...
2020-12-29 22:39:51 [PicGo INFO] Before upload
2020-12-29 22:39:51 [PicGo INFO] Uploading...
2020-12-29 22:39:55 [PicGo SUCCESS] 
https://i.loli.net/2020/12/30/g37c2wV6ZKaRLuO.png
2021-01-09 17:02:33 [PicGo INFO] Before transform
2021-01-09 17:02:33 [PicGo INFO] Transforming...
2021-01-09 17:02:33 [PicGo ERROR] request https://freecoursesite.com/wp-content/uploads/2019/06/1787334_964b_3-300x169.jpg error
2021-01-09 17:02:33 [PicGo INFO] Before upload
2021-01-09 17:02:33 [PicGo INFO] Uploading...
2021-01-09 17:02:33 [PicGo SUCCESS] 

2021-01-09 17:03:23 [PicGo INFO] Before transform
2021-01-09 17:03:23 [PicGo INFO] Transforming...
2021-01-09 17:03:23 [PicGo ERROR] request https://freecoursesite.com/wp-content/uploads/2019/06/1787334_964b_3-300x169.jpg error
2021-01-09 17:03:23 [PicGo INFO] Before upload
2021-01-09 17:03:23 [PicGo INFO] Uploading...
2021-01-09 17:03:23 [PicGo SUCCESS] 

2021-01-09 17:04:27 [PicGo INFO] Before transform
2021-01-09 17:04:27 [PicGo INFO] Transforming...
2021-01-09 17:04:27 [PicGo INFO] Before upload
2021-01-09 17:04:27 [PicGo INFO] Uploading...
2021-01-09 17:04:30 [PicGo SUCCESS] 
https://i.loli.net/2021/01/10/6vVaD45BCjQFhUL.jpg
2021-01-09 17:08:49 [PicGo INFO] Before transform
2021-01-09 17:08:49 [PicGo INFO] Transforming...
2021-01-09 17:08:50 [PicGo INFO] Before upload
2021-01-09 17:08:50 [PicGo ERROR] request https://freecoursesite.com/wp-content/uploads/2018/01/1326292_4dcf.jpg error
2021-01-09 17:08:50 [PicGo INFO] Uploading...
2021-01-09 17:08:50 [PicGo SUCCESS] 

2021-01-09 17:12:02 [PicGo INFO] Before transform
2021-01-09 17:12:02 [PicGo INFO] Transforming...
2021-01-09 17:12:02 [PicGo INFO] Before upload
2021-01-09 17:12:02 [PicGo INFO] Uploading...
2021-01-09 17:12:04 [PicGo SUCCESS] 
https://i.loli.net/2021/01/10/IMERDSfWjlLFuiz.jpg
2021-01-09 17:13:48 [PicGo INFO] Before transform
2021-01-09 17:13:48 [PicGo INFO] Transforming...
2021-01-09 17:13:48 [PicGo ERROR] request https://freecoursesite.com/wp-content/uploads/2019/08/2058283_214d-300x169.jpg error
2021-01-09 17:13:48 [PicGo INFO] Before upload
2021-01-09 17:13:48 [PicGo INFO] Uploading...
2021-01-09 17:13:48 [PicGo SUCCESS] 

2021-01-09 17:14:27 [PicGo INFO] Before transform
2021-01-09 17:14:27 [PicGo INFO] Transforming...
2021-01-09 17:14:27 [PicGo INFO] Before upload
2021-01-09 17:14:27 [PicGo INFO] Uploading...
2021-01-09 17:14:30 [PicGo SUCCESS] 
https://i.loli.net/2021/01/10/p5FjuAoykNxCrOq.jpg
2021-01-09 17:16:55 [PicGo INFO] Before transform
2021-01-09 17:16:55 [PicGo INFO] Transforming...
2021-01-09 17:16:55 [PicGo ERROR] request https://freecoursesite.com/wp-content/uploads/2021/01/125484.jpg error
2021-01-09 17:16:55 [PicGo INFO] Before upload
2021-01-09 17:16:55 [PicGo INFO] Uploading...
2021-01-09 17:16:55 [PicGo SUCCESS] 

2021-01-09 17:17:17 [PicGo INFO] Before transform
2021-01-09 17:17:17 [PicGo INFO] Transforming...
2021-01-09 17:17:17 [PicGo INFO] Before upload
2021-01-09 17:17:17 [PicGo INFO] Uploading...
2021-01-09 17:17:20 [PicGo SUCCESS] 
https://i.loli.net/2021/01/10/SVMAaFeO8gfU52p.jpg
2021-01-09 19:26:53 [PicGo INFO] Before transform
2021-01-09 19:26:53 [PicGo INFO] Transforming...
2021-01-09 19:26:53 [PicGo ERROR] request https://freecoursesite.com/wp-content/uploads/2021/01/2323222.jpg error
2021-01-09 19:26:53 [PicGo INFO] Before upload
2021-01-09 19:26:53 [PicGo INFO] Uploading...
2021-01-09 19:26:53 [PicGo SUCCESS] 

2021-01-09 19:27:40 [PicGo INFO] Before transform
2021-01-09 19:27:40 [PicGo INFO] Transforming...
2021-01-09 19:27:40 [PicGo INFO] Before upload
2021-01-09 19:27:40 [PicGo INFO] Uploading...
2021-01-09 19:27:43 [PicGo SUCCESS] 
https://i.loli.net/2021/01/10/QMorjdhx3F5Uq42.jpg
2021-01-10 14:39:02 [PicGo INFO] Before transform
2021-01-10 14:39:02 [PicGo INFO] Transforming...
2021-01-10 14:39:02 [PicGo INFO] Before upload
2021-01-10 14:39:02 [PicGo INFO] Uploading...
2021-01-10 14:39:07 [PicGo SUCCESS] 
https://i.loli.net/2021/01/11/8aZyjfLSNnMtT7o.png
2021-01-11 15:58:09 [PicGo INFO] Before transform
2021-01-11 15:58:09 [PicGo INFO] Transforming...
2021-01-11 15:58:09 [PicGo ERROR] request https://freecoursesite.com/wp-content/uploads/2019/01/438522_500f_6-300x169.jpg error
2021-01-11 15:58:09 [PicGo INFO] Uploading...
2021-01-11 15:58:09 [PicGo SUCCESS] 

2021-01-11 15:58:26 [PicGo INFO] Before transform
2021-01-11 15:58:26 [PicGo INFO] Transforming...
2021-01-11 15:58:26 [PicGo INFO] Before upload
2021-01-11 15:58:26 [PicGo INFO] Uploading...
2021-01-11 15:58:31 [PicGo SUCCESS] 
https://i.loli.net/2021/01/12/ViaJRvPO2Tn8b7k.jpg
2021-01-11 16:06:23 [PicGo INFO] Before transform
2021-01-11 16:06:23 [PicGo INFO] Transforming...
2021-01-11 16:06:23 [PicGo ERROR] request https://freecoursesite.com/wp-content/uploads/2019/09/65465432132-300x169.jpg error
2021-01-11 16:06:23 [PicGo INFO] Before upload
2021-01-11 16:06:23 [PicGo INFO] Uploading...
2021-01-11 16:06:23 [PicGo SUCCESS] 

2021-01-11 16:06:59 [PicGo INFO] Before transform
2021-01-11 16:06:59 [PicGo INFO] Transforming...
2021-01-11 16:06:59 [PicGo INFO] Before upload
2021-01-11 16:07:02 [PicGo SUCCESS] 
https://i.loli.net/2021/01/12/F8LOZnUxoNHXqyC.jpg
2021-01-11 16:09:46 [PicGo INFO] Before transform
2021-01-11 16:09:46 [PicGo INFO] Transforming...
2021-01-11 16:09:46 [PicGo ERROR] request https://freecoursesite.com/wp-content/uploads/2018/10/715404_a756_6-300x169.jpg error
2021-01-11 16:09:46 [PicGo INFO] Before upload
2021-01-11 16:09:46 [PicGo INFO] Uploading...
2021-01-11 16:09:46 [PicGo SUCCESS] 

2021-01-11 16:10:13 [PicGo INFO] Before transform
2021-01-11 16:10:13 [PicGo INFO] Transforming...
2021-01-11 16:10:13 [PicGo INFO] Before upload
2021-01-11 16:10:13 [PicGo INFO] Uploading...
2021-01-11 16:10:16 [PicGo SUCCESS] 
https://i.loli.net/2021/01/12/ExGbh9Ym6QUCypZ.jpg
2021-01-11 16:12:40 [PicGo INFO] Before transform
2021-01-11 16:12:40 [PicGo INFO] Transforming...
2021-01-11 16:12:40 [PicGo INFO] Before transform
2021-01-11 16:12:40 [PicGo INFO] Transforming...
2021-01-11 16:12:40 [PicGo ERROR] request https://freecoursesite.com/wp-content/uploads/2018/03/714820_5831_4-300x169.jpg error
2021-01-11 16:12:40 [PicGo INFO] Before upload
2021-01-11 16:12:40 [PicGo INFO] Uploading...
2021-01-11 16:12:40 [PicGo SUCCESS] 

2021-01-11 16:12:40 [PicGo ERROR] request https://freecoursesite.com/wp-content/uploads/2017/12/Download-Now-300x60.png error
2021-01-11 16:12:40 [PicGo INFO] Before upload
2021-01-11 16:12:40 [PicGo INFO] Uploading...
2021-01-11 16:12:40 [PicGo SUCCESS] 

2021-01-11 16:13:08 [PicGo INFO] Before transform
2021-01-11 16:13:08 [PicGo INFO] Transforming...
2021-01-11 16:13:08 [PicGo INFO] Before upload
2021-01-11 16:13:08 [PicGo INFO] Uploading...
2021-01-11 16:13:11 [PicGo SUCCESS] 
https://i.loli.net/2021/01/12/YfEHZ8xebXU4G6t.jpg
2021-01-11 16:14:53 [PicGo INFO] Before transform
2021-01-11 16:14:53 [PicGo INFO] Transforming...
2021-01-11 16:14:53 [PicGo ERROR] request https://freecoursesite.com/wp-content/uploads/2018/11/1928236_3e93-300x169.jpg error
2021-01-11 16:14:53 [PicGo INFO] Before upload
2021-01-11 16:14:53 [PicGo INFO] Uploading...
2021-01-11 16:14:53 [PicGo SUCCESS] 

2021-01-11 16:15:22 [PicGo INFO] Before transform
2021-01-11 16:15:22 [PicGo INFO] Transforming...
2021-01-11 16:15:22 [PicGo INFO] Before upload
2021-01-11 16:15:22 [PicGo INFO] Uploading...
2021-01-11 16:15:26 [PicGo SUCCESS] 
https://i.loli.net/2021/01/12/WB5G4rhvAI3uDkR.jpg
2021-01-11 16:17:50 [PicGo INFO] Before transform
2021-01-11 16:17:50 [PicGo INFO] Transforming...
2021-01-11 16:17:50 [PicGo INFO] Before transform
2021-01-11 16:17:50 [PicGo INFO] Transforming...
2021-01-11 16:17:50 [PicGo ERROR] request https://freecoursesite.com/wp-content/uploads/2018/04/671010_e060_4.jpg error
2021-01-11 16:17:50 [PicGo INFO] Before upload
2021-01-11 16:17:50 [PicGo INFO] Uploading...
2021-01-11 16:17:50 [PicGo SUCCESS] 

2021-01-11 16:17:50 [PicGo ERROR] request https://freecoursesite.com/wp-content/uploads/2017/12/Download-Now-300x60.png error
2021-01-11 16:17:50 [PicGo INFO] Before upload
2021-01-11 16:17:50 [PicGo INFO] Uploading...
2021-01-11 16:17:50 [PicGo SUCCESS] 

2021-01-11 16:18:13 [PicGo INFO] Before transform
2021-01-11 16:18:13 [PicGo INFO] Transforming...
2021-01-11 16:18:13 [PicGo INFO] Before upload
2021-01-11 16:18:13 [PicGo INFO] Uploading...
2021-01-11 16:18:16 [PicGo SUCCESS] 
https://i.loli.net/2021/01/12/dzgYJwIuqU3P5CZ.jpg
2021-01-11 16:18:57 [PicGo INFO] Before transform
2021-01-11 16:18:58 [PicGo INFO] Transforming...
2021-01-11 16:18:58 [PicGo INFO] Before transform
2021-01-11 16:18:58 [PicGo INFO] Transforming...
2021-01-11 16:18:58 [PicGo ERROR] request https://freecoursesite.com/wp-content/uploads/2018/02/627730_83d0_10-300x169.jpg error
2021-01-11 16:18:58 [PicGo INFO] Before upload
2021-01-11 16:18:58 [PicGo INFO] Uploading...
2021-01-11 16:18:58 [PicGo SUCCESS] 

2021-01-11 16:18:58 [PicGo ERROR] request https://freecoursesite.com/wp-content/uploads/2017/12/Download-Now-300x60.png error
2021-01-11 16:18:58 [PicGo INFO] Before upload
2021-01-11 16:18:58 [PicGo INFO] Uploading...
2021-01-11 16:18:58 [PicGo SUCCESS] 

2021-01-11 16:19:26 [PicGo INFO] Before transform
2021-01-11 16:19:26 [PicGo INFO] Transforming...
2021-01-11 16:19:27 [PicGo INFO] Before upload
2021-01-11 16:19:27 [PicGo INFO] Uploading...
2021-01-11 16:19:32 [PicGo SUCCESS] 
https://i.loli.net/2021/01/12/Rh4ZCKt7N6kSiqs.jpg
2021-01-11 16:20:24 [PicGo INFO] Before transform
2021-01-11 16:20:24 [PicGo INFO] Transforming...
2021-01-11 16:20:24 [PicGo ERROR] request https://freecoursesite.com/wp-content/uploads/2018/08/1329786_8aa9_6-300x169.jpg error
2021-01-11 16:20:24 [PicGo INFO] Before upload
2021-01-11 16:20:24 [PicGo INFO] Uploading...
2021-01-11 16:20:24 [PicGo SUCCESS] 

2021-01-11 16:20:41 [PicGo INFO] Before transform
2021-01-11 16:20:41 [PicGo INFO] Transforming...
2021-01-11 16:20:41 [PicGo INFO] Before upload
2021-01-11 16:20:41 [PicGo INFO] Uploading...
2021-01-11 16:20:44 [PicGo SUCCESS] 
https://i.loli.net/2021/01/12/VPqDgeSjfzpk4Wl.jpg
2021-01-11 16:21:27 [PicGo INFO] Before transform
2021-01-11 16:21:27 [PicGo INFO] Transforming...
2021-01-11 16:21:27 [PicGo INFO] Before transform
2021-01-11 16:21:27 [PicGo INFO] Transforming...
2021-01-11 16:21:27 [PicGo ERROR] request https://freecoursesite.com/wp-content/uploads/2017/12/Download-Now-300x60.png error
2021-01-11 16:21:27 [PicGo INFO] Before upload
2021-01-11 16:21:27 [PicGo INFO] Uploading...
2021-01-11 16:21:27 [PicGo SUCCESS] 

2021-01-11 16:21:27 [PicGo ERROR] request https://freecoursesite.com/wp-content/uploads/2018/02/709152_e475-300x169.jpg error
2021-01-11 16:21:27 [PicGo INFO] Before upload
2021-01-11 16:21:27 [PicGo INFO] Uploading...
2021-01-11 16:21:27 [PicGo SUCCESS] 

2021-01-11 16:21:44 [PicGo INFO] Before transform
2021-01-11 16:21:44 [PicGo INFO] Transforming...
2021-01-11 16:21:44 [PicGo INFO] Before upload
2021-01-11 16:21:44 [PicGo INFO] Uploading...
2021-01-11 16:21:47 [PicGo SUCCESS] 
https://i.loli.net/2021/01/12/GmJ4cxNPHztQM73.jpg
2021-01-11 16:25:54 [PicGo INFO] Before transform
2021-01-11 16:25:54 [PicGo INFO] Transforming...
2021-01-11 16:25:54 [PicGo INFO] Before upload
2021-01-11 16:25:54 [PicGo INFO] Uploading...
2021-01-11 16:25:57 [PicGo WARN] failed
2021-01-11 16:25:57 [PicGo ERROR] Error: Image upload repeated limit, this image exists at: https://i.loli.net/2021/01/12/F8LOZnUxoNHXqyC.jpg
------Error Stack Begin------
Error: Image upload repeated limit, this image exists at: https://i.loli.net/2021/01/12/F8LOZnUxoNHXqyC.jpg
    at Object.handle (/home/zzhenry/.config/dotfiles/.picgo/node_modules/picgo-plugin-smms-user/src/index.js:55:15)
    at processTicksAndRejections (internal/process/task_queues.js:93:5)
    at async Lifecycle.doUpload (/home/zzhenry/.config/Typora/picgo/linux/node_modules/picgo/dist/src/core/Lifecycle.js:70:9)
    at async Lifecycle.start (/home/zzhenry/.config/Typora/picgo/linux/node_modules/picgo/dist/src/core/Lifecycle.js:21:13)
    at async PicGo.upload (/home/zzhenry/.config/Typora/picgo/linux/node_modules/picgo/dist/src/core/PicGo.js:156:13)
    at async Command.<anonymous> (/home/zzhenry/.config/Typora/picgo/linux/node_modules/picgo/dist/src/plugins/commander/upload.js:29:13)
-------Error Stack End-------
2021-01-11 16:26:32 [PicGo INFO] Before transform
2021-01-11 16:26:32 [PicGo INFO] Transforming...
2021-01-11 16:26:32 [PicGo INFO] Before upload
2021-01-11 16:26:32 [PicGo INFO] Uploading...
2021-01-11 16:26:35 [PicGo WARN] failed
2021-01-11 16:26:35 [PicGo ERROR] Error: Image upload repeated limit, this image exists at: https://i.loli.net/2021/01/12/F8LOZnUxoNHXqyC.jpg
------Error Stack Begin------
Error: Image upload repeated limit, this image exists at: https://i.loli.net/2021/01/12/F8LOZnUxoNHXqyC.jpg
    at Object.handle (/home/zzhenry/.config/dotfiles/.picgo/node_modules/picgo-plugin-smms-user/src/index.js:55:15)
    at processTicksAndRejections (internal/process/task_queues.js:93:5)
    at async Lifecycle.doUpload (/home/zzhenry/.config/Typora/picgo/linux/node_modules/picgo/dist/src/core/Lifecycle.js:70:9)
    at async Lifecycle.start (/home/zzhenry/.config/Typora/picgo/linux/node_modules/picgo/dist/src/core/Lifecycle.js:21:13)
    at async PicGo.upload (/home/zzhenry/.config/Typora/picgo/linux/node_modules/picgo/dist/src/core/PicGo.js:156:13)
    at async Command.<anonymous> (/home/zzhenry/.config/Typora/picgo/linux/node_modules/picgo/dist/src/plugins/commander/upload.js:29:13)
-------Error Stack End-------
2021-01-11 16:28:24 [PicGo INFO] Before transform
2021-01-11 16:28:24 [PicGo INFO] Transforming...
2021-01-11 16:28:24 [PicGo INFO] Before upload
2021-01-11 16:28:24 [PicGo INFO] Uploading...
2021-01-11 16:28:26 [PicGo WARN] failed
2021-01-11 16:28:26 [PicGo ERROR] Error: Image upload repeated limit, this image exists at: https://i.loli.net/2021/01/12/WB5G4rhvAI3uDkR.jpg
------Error Stack Begin------
Error: Image upload repeated limit, this image exists at: https://i.loli.net/2021/01/12/WB5G4rhvAI3uDkR.jpg
    at Object.handle (/home/zzhenry/.config/dotfiles/.picgo/node_modules/picgo-plugin-smms-user/src/index.js:55:15)
    at processTicksAndRejections (internal/process/task_queues.js:93:5)
    at async Lifecycle.doUpload (/home/zzhenry/.config/Typora/picgo/linux/node_modules/picgo/dist/src/core/Lifecycle.js:70:9)
    at async Lifecycle.start (/home/zzhenry/.config/Typora/picgo/linux/node_modules/picgo/dist/src/core/Lifecycle.js:21:13)
    at async PicGo.upload (/home/zzhenry/.config/Typora/picgo/linux/node_modules/picgo/dist/src/core/PicGo.js:156:13)
    at async Command.<anonymous> (/home/zzhenry/.config/Typora/picgo/linux/node_modules/picgo/dist/src/plugins/commander/upload.js:29:13)
-------Error Stack End-------
2021-01-11 19:01:14 [PicGo INFO] Before transform
2021-01-11 19:01:14 [PicGo INFO] Transforming...
2021-01-11 19:01:14 [PicGo ERROR] request https://freecoursesite.com/wp-content/uploads/2018/12/1075840_4311_2-300x169.jpg error
2021-01-11 19:01:14 [PicGo INFO] Before upload
2021-01-11 19:01:14 [PicGo INFO] Uploading...
2021-01-11 19:01:14 [PicGo SUCCESS] 

2021-01-11 19:02:51 [PicGo INFO] Before transform
2021-01-11 19:02:51 [PicGo INFO] Transforming...
2021-01-11 19:02:51 [PicGo INFO] Before upload
2021-01-11 19:02:51 [PicGo INFO] Uploading...
2021-01-11 19:02:56 [PicGo SUCCESS] 
https://i.loli.net/2021/01/12/xJU8PBzuN9srHGa.jpg
2021-01-11 19:03:32 [PicGo INFO] Before transform
2021-01-11 19:03:32 [PicGo INFO] Transforming...
2021-01-11 19:03:33 [PicGo ERROR] request https://freecoursesite.com/wp-content/uploads/2019/02/1320362_1b73_6-300x169.jpg error
2021-01-11 19:03:33 [PicGo INFO] Before upload
2021-01-11 19:03:33 [PicGo INFO] Uploading...
2021-01-11 19:03:33 [PicGo SUCCESS] 

2021-01-11 19:03:51 [PicGo INFO] Before transform
2021-01-11 19:03:51 [PicGo INFO] Transforming...
2021-01-11 19:03:51 [PicGo INFO] Before transform
2021-01-11 19:03:51 [PicGo INFO] Transforming...
2021-01-11 19:03:51 [PicGo ERROR] request https://freecoursesite.com/wp-content/uploads/2018/01/569422_01c2_2.jpg error
2021-01-11 19:03:51 [PicGo INFO] Before upload
2021-01-11 19:03:51 [PicGo INFO] Uploading...
2021-01-11 19:03:51 [PicGo SUCCESS] 

2021-01-11 19:03:51 [PicGo ERROR] request https://freecoursesite.com/wp-content/uploads/2017/12/Download-Now-300x60.png error
2021-01-11 19:03:51 [PicGo INFO] Before upload
2021-01-11 19:03:51 [PicGo INFO] Uploading...
2021-01-11 19:03:51 [PicGo SUCCESS] 

2021-01-11 19:04:23 [PicGo INFO] Before transform
2021-01-11 19:04:23 [PicGo INFO] Transforming...
2021-01-11 19:04:23 [PicGo ERROR] request https://freecoursesite.com/wp-content/uploads/2019/07/1202164_a558_3-300x169.jpg error
2021-01-11 19:04:23 [PicGo INFO] Before upload
2021-01-11 19:04:23 [PicGo INFO] Uploading...
2021-01-11 19:04:23 [PicGo SUCCESS] 

2021-01-11 19:04:40 [PicGo INFO] Before transform
2021-01-11 19:04:40 [PicGo INFO] Transforming...
2021-01-11 19:04:41 [PicGo ERROR] request https://freecoursesite.com/wp-content/uploads/2020/02/5684444.jpg error
2021-01-11 19:04:41 [PicGo INFO] Before upload
2021-01-11 19:04:41 [PicGo INFO] Uploading...
2021-01-11 19:04:41 [PicGo SUCCESS] 

2021-01-11 19:05:26 [PicGo INFO] Before transform
2021-01-11 19:05:26 [PicGo INFO] Transforming...
2021-01-11 19:05:26 [PicGo ERROR] request https://freecoursesite.com/wp-content/uploads/2018/08/1556628_e188-300x169.jpg error
2021-01-11 19:05:26 [PicGo INFO] Before upload
2021-01-11 19:05:26 [PicGo INFO] Uploading...
2021-01-11 19:05:26 [PicGo SUCCESS] 

2021-01-11 19:05:46 [PicGo INFO] Before transform
2021-01-11 19:05:46 [PicGo INFO] Transforming...
2021-01-11 19:05:46 [PicGo ERROR] request https://freecoursesite.com/wp-content/uploads/2018/02/1132342_48ec_3-300x169.jpg error
2021-01-11 19:05:46 [PicGo INFO] Before upload
2021-01-11 19:05:46 [PicGo INFO] Uploading...
2021-01-11 19:05:46 [PicGo SUCCESS] 

2021-01-11 19:07:05 [PicGo INFO] Before transform
2021-01-11 19:07:05 [PicGo INFO] Transforming...
2021-01-11 19:07:05 [PicGo INFO] Before upload
2021-01-11 19:07:05 [PicGo INFO] Uploading...
2021-01-11 19:07:10 [PicGo SUCCESS] 
https://i.loli.net/2021/01/12/BwAdLPbQSvshOyN.jpg
2021-01-11 19:07:40 [PicGo INFO] Before transform
2021-01-11 19:07:40 [PicGo INFO] Transforming...
2021-01-11 19:07:40 [PicGo INFO] Before upload
2021-01-11 19:07:40 [PicGo INFO] Uploading...
2021-01-11 19:07:43 [PicGo SUCCESS] 
https://i.loli.net/2021/01/12/zdu2frA94KFiIT7.jpg
2021-01-11 19:07:51 [PicGo INFO] Before transform
2021-01-11 19:07:51 [PicGo INFO] Transforming...
2021-01-11 19:07:51 [PicGo INFO] Before upload
2021-01-11 19:07:51 [PicGo INFO] Uploading...
2021-01-11 19:07:54 [PicGo WARN] failed
2021-01-11 19:07:54 [PicGo ERROR] Error: Image upload repeated limit, this image exists at: https://i.loli.net/2021/01/12/zdu2frA94KFiIT7.jpg
------Error Stack Begin------
Error: Image upload repeated limit, this image exists at: https://i.loli.net/2021/01/12/zdu2frA94KFiIT7.jpg
    at Object.handle (/home/zzhenry/.config/dotfiles/.picgo/node_modules/picgo-plugin-smms-user/src/index.js:55:15)
    at processTicksAndRejections (internal/process/task_queues.js:93:5)
    at async Lifecycle.doUpload (/home/zzhenry/.config/Typora/picgo/linux/node_modules/picgo/dist/src/core/Lifecycle.js:70:9)
    at async Lifecycle.start (/home/zzhenry/.config/Typora/picgo/linux/node_modules/picgo/dist/src/core/Lifecycle.js:21:13)
    at async PicGo.upload (/home/zzhenry/.config/Typora/picgo/linux/node_modules/picgo/dist/src/core/PicGo.js:156:13)
    at async Command.<anonymous> (/home/zzhenry/.config/Typora/picgo/linux/node_modules/picgo/dist/src/plugins/commander/upload.js:29:13)
-------Error Stack End-------
2021-01-11 19:07:58 [PicGo INFO] Before transform
2021-01-11 19:07:58 [PicGo INFO] Transforming...
2021-01-11 19:07:58 [PicGo INFO] Before upload
2021-01-11 19:07:58 [PicGo INFO] Uploading...
2021-01-11 19:08:01 [PicGo WARN] failed
2021-01-11 19:08:01 [PicGo ERROR] Error: Image upload repeated limit, this image exists at: https://i.loli.net/2021/01/12/zdu2frA94KFiIT7.jpg
------Error Stack Begin------
Error: Image upload repeated limit, this image exists at: https://i.loli.net/2021/01/12/zdu2frA94KFiIT7.jpg
    at Object.handle (/home/zzhenry/.config/dotfiles/.picgo/node_modules/picgo-plugin-smms-user/src/index.js:55:15)
    at processTicksAndRejections (internal/process/task_queues.js:93:5)
    at async Lifecycle.doUpload (/home/zzhenry/.config/Typora/picgo/linux/node_modules/picgo/dist/src/core/Lifecycle.js:70:9)
    at async Lifecycle.start (/home/zzhenry/.config/Typora/picgo/linux/node_modules/picgo/dist/src/core/Lifecycle.js:21:13)
    at async PicGo.upload (/home/zzhenry/.config/Typora/picgo/linux/node_modules/picgo/dist/src/core/PicGo.js:156:13)
    at async Command.<anonymous> (/home/zzhenry/.config/Typora/picgo/linux/node_modules/picgo/dist/src/plugins/commander/upload.js:29:13)
-------Error Stack End-------
2021-01-11 19:09:21 [PicGo INFO] Before transform
2021-01-11 19:09:21 [PicGo INFO] Transforming...
2021-01-11 19:09:21 [PicGo INFO] Before upload
2021-01-11 19:09:21 [PicGo INFO] Uploading...
2021-01-11 19:09:24 [PicGo SUCCESS] 
https://i.loli.net/2021/01/12/qPrON2JyHbcwaEo.jpg
2021-01-11 19:10:13 [PicGo INFO] Before transform
2021-01-11 19:10:13 [PicGo INFO] Transforming...
2021-01-11 19:10:13 [PicGo INFO] Before upload
2021-01-11 19:10:13 [PicGo INFO] Uploading...
2021-01-11 19:10:16 [PicGo SUCCESS] 
https://i.loli.net/2021/01/12/IbxyqQJ8zTNMdhn.jpg
2021-01-11 19:10:47 [PicGo INFO] Before transform
2021-01-11 19:10:47 [PicGo INFO] Transforming...
2021-01-11 19:10:47 [PicGo INFO] Before upload
2021-01-11 19:10:47 [PicGo INFO] Uploading...
2021-01-11 19:10:49 [PicGo SUCCESS] 
https://i.loli.net/2021/01/12/ZoV1rN6QtGp9BhC.jpg
2021-01-11 19:11:08 [PicGo INFO] Before transform
2021-01-11 19:11:08 [PicGo INFO] Transforming...
2021-01-11 19:11:08 [PicGo INFO] Before upload
2021-01-11 19:11:08 [PicGo INFO] Uploading...
2021-01-11 19:11:11 [PicGo SUCCESS] 
https://i.loli.net/2021/01/12/OGdqawTRQE3WJpA.jpg
2021-01-11 19:34:21 [PicGo INFO] Before transform
2021-01-11 19:34:21 [PicGo INFO] Transforming...
2021-01-11 19:34:21 [PicGo ERROR] request https://freecoursesite.com/wp-content/uploads/2019/08/427148_531f_6-300x169.jpg error
2021-01-11 19:34:21 [PicGo INFO] Before upload
2021-01-11 19:34:21 [PicGo INFO] Uploading...
2021-01-11 19:34:21 [PicGo SUCCESS] 

2021-01-11 19:34:37 [PicGo INFO] Before transform
2021-01-11 19:34:37 [PicGo INFO] Transforming...
2021-01-11 19:34:37 [PicGo INFO] Before upload
2021-01-11 19:34:45 [PicGo SUCCESS] 
https://i.loli.net/2021/01/12/Xaw2NnuCvzKkfAI.jpg
2021-01-11 19:37:08 [PicGo INFO] Before transform
2021-01-11 19:37:08 [PicGo INFO] Transforming...
2021-01-11 19:37:08 [PicGo ERROR] request https://freecoursesite.com/wp-content/uploads/2018/12/1419186_5b21_2-300x169.jpg error
2021-01-11 19:37:08 [PicGo INFO] Before upload
2021-01-11 19:37:08 [PicGo INFO] Uploading...
2021-01-11 19:37:08 [PicGo SUCCESS] 

2021-01-11 19:37:46 [PicGo INFO] Before transform
2021-01-11 19:37:46 [PicGo INFO] Transforming...
2021-01-11 19:37:47 [PicGo INFO] Before upload
2021-01-11 19:37:47 [PicGo INFO] Uploading...
2021-01-11 19:37:54 [PicGo SUCCESS] 
https://i.loli.net/2021/01/12/UCo9vif4O28Jxl6.jpg
2021-01-11 19:39:56 [PicGo INFO] Before transform
2021-01-11 19:39:56 [PicGo INFO] Transforming...
2021-01-11 19:39:56 [PicGo ERROR] request https://freecoursesite.com/wp-content/uploads/2019/03/2121018_9de5-300x169.jpg error
2021-01-11 19:39:56 [PicGo INFO] Before upload
2021-01-11 19:39:56 [PicGo INFO] Uploading...
2021-01-11 19:39:56 [PicGo SUCCESS] 

2021-01-11 19:41:56 [PicGo INFO] Before transform
2021-01-11 19:41:56 [PicGo INFO] Transforming...
2021-01-11 19:41:56 [PicGo INFO] Before upload
2021-01-11 19:41:56 [PicGo INFO] Uploading...
2021-01-11 19:42:00 [PicGo WARN] failed
2021-01-11 19:42:00 [PicGo ERROR] Error: Image upload repeated limit, this image exists at: https://i.loli.net/2021/01/12/UCo9vif4O28Jxl6.jpg
------Error Stack Begin------
Error: Image upload repeated limit, this image exists at: https://i.loli.net/2021/01/12/UCo9vif4O28Jxl6.jpg
    at Object.handle (/home/zzhenry/.config/dotfiles/.picgo/node_modules/picgo-plugin-smms-user/src/index.js:55:15)
    at processTicksAndRejections (internal/process/task_queues.js:93:5)
    at async Lifecycle.doUpload (/home/zzhenry/.config/Typora/picgo/linux/node_modules/picgo/dist/src/core/Lifecycle.js:70:9)
    at async Lifecycle.start (/home/zzhenry/.config/Typora/picgo/linux/node_modules/picgo/dist/src/core/Lifecycle.js:21:13)
    at async PicGo.upload (/home/zzhenry/.config/Typora/picgo/linux/node_modules/picgo/dist/src/core/PicGo.js:156:13)
    at async Command.<anonymous> (/home/zzhenry/.config/Typora/picgo/linux/node_modules/picgo/dist/src/plugins/commander/upload.js:29:13)
-------Error Stack End-------
2021-01-11 19:42:39 [PicGo INFO] Before transform
2021-01-11 19:42:39 [PicGo INFO] Transforming...
2021-01-11 19:42:39 [PicGo INFO] Before upload
2021-01-11 19:42:39 [PicGo INFO] Uploading...
2021-01-11 19:42:41 [PicGo SUCCESS] 
https://i.loli.net/2021/01/12/m4uqbYcUKGpXjw3.jpg
2021-01-11 19:45:16 [PicGo INFO] Before transform
2021-01-11 19:45:16 [PicGo INFO] Transforming...
2021-01-11 19:45:16 [PicGo ERROR] request https://freecoursesite.com/wp-content/uploads/2018/12/1917546_682b_2-300x169.jpg error
2021-01-11 19:45:16 [PicGo INFO] Before upload
2021-01-11 19:45:16 [PicGo INFO] Uploading...
2021-01-11 19:45:16 [PicGo SUCCESS] 

2021-01-11 19:47:52 [PicGo INFO] Before transform
2021-01-11 19:47:52 [PicGo INFO] Transforming...
2021-01-11 19:47:52 [PicGo INFO] Before upload
2021-01-11 19:47:52 [PicGo INFO] Uploading...
2021-01-11 19:47:55 [PicGo SUCCESS] 
https://i.loli.net/2021/01/12/JkszYqVMu7LyfQo.jpg
2021-01-11 19:52:02 [PicGo INFO] Before transform
2021-01-11 19:52:02 [PicGo INFO] Transforming...
2021-01-11 19:52:02 [PicGo ERROR] request https://freecoursesite.com/wp-content/uploads/2019/02/535622_3bc0-300x169.jpg error
2021-01-11 19:52:02 [PicGo INFO] Before upload
2021-01-11 19:52:02 [PicGo INFO] Uploading...
2021-01-11 19:52:02 [PicGo SUCCESS] 

2021-01-11 19:52:38 [PicGo INFO] Before transform
2021-01-11 19:52:38 [PicGo INFO] Transforming...
2021-01-11 19:52:38 [PicGo INFO] Before upload
2021-01-11 19:52:38 [PicGo INFO] Uploading...
2021-01-11 19:52:42 [PicGo SUCCESS] 
https://i.loli.net/2021/01/12/85MqZCJB19zAyUj.jpg
2021-01-11 19:56:18 [PicGo INFO] Before transform
2021-01-11 19:56:18 [PicGo INFO] Transforming...
2021-01-11 19:56:18 [PicGo ERROR] request https://freecoursesite.com/wp-content/uploads/2018/10/1834774_0ccb_2-300x169.jpg error
2021-01-11 19:56:18 [PicGo INFO] Before upload
2021-01-11 19:56:18 [PicGo INFO] Uploading...
2021-01-11 19:56:18 [PicGo SUCCESS] 

2021-01-11 19:56:37 [PicGo INFO] Before transform
2021-01-11 19:56:37 [PicGo INFO] Transforming...
2021-01-11 19:56:37 [PicGo INFO] Before upload
2021-01-11 19:56:37 [PicGo INFO] Uploading...
2021-01-11 19:56:44 [PicGo SUCCESS] 
https://i.loli.net/2021/01/12/OuxRwIBl9V4FUy3.jpg
2021-01-12 12:39:26 [PicGo INFO] Before transform
2021-01-12 12:39:26 [PicGo INFO] Transforming...
2021-01-12 12:39:26 [PicGo INFO] Before transform
2021-01-12 12:39:26 [PicGo INFO] Transforming...
2021-01-12 12:39:26 [PicGo INFO] Before transform
2021-01-12 12:39:27 [PicGo INFO] Transforming...
2021-01-12 12:39:26 [PicGo INFO] Before transform
2021-01-12 12:39:27 [PicGo INFO] Transforming...
2021-01-12 12:39:26 [PicGo INFO] Before transform
2021-01-12 12:39:27 [PicGo INFO] Transforming...
2021-01-12 12:39:26 [PicGo INFO] Before transform
2021-01-12 12:39:27 [PicGo INFO] Transforming...
2021-01-12 12:39:26 [PicGo INFO] Before transform
2021-01-12 12:39:27 [PicGo INFO] Transforming...
2021-01-12 12:39:26 [PicGo INFO] Before transform
2021-01-12 12:39:27 [PicGo INFO] Transforming...
2021-01-12 12:39:26 [PicGo INFO] Before transform
2021-01-12 12:39:27 [PicGo INFO] Transforming...
2021-01-12 12:39:26 [PicGo INFO] Before transform
2021-01-12 12:39:27 [PicGo INFO] Transforming...
2021-01-12 12:39:27 [PicGo INFO] Before transform
2021-01-12 12:39:27 [PicGo INFO] Transforming...
2021-01-12 12:39:27 [PicGo INFO] Before transform
2021-01-12 12:39:27 [PicGo INFO] Transforming...
2021-01-12 12:39:27 [PicGo INFO] Before transform
2021-01-12 12:39:27 [PicGo INFO] Transforming...
2021-01-12 12:39:27 [PicGo INFO] Before transform
2021-01-12 12:39:27 [PicGo INFO] Transforming...
2021-01-12 12:39:27 [PicGo INFO] Before transform
2021-01-12 12:39:27 [PicGo INFO] Transforming...
2021-01-12 12:39:27 [PicGo INFO] Before transform
2021-01-12 12:39:27 [PicGo INFO] Transforming...
2021-01-12 12:39:27 [PicGo INFO] Before transform
2021-01-12 12:39:27 [PicGo INFO] Before transform
2021-01-12 12:39:27 [PicGo INFO] Transforming...
2021-01-12 12:39:27 [PicGo INFO] Transforming...
2021-01-12 12:39:27 [PicGo INFO] Before transform
2021-01-12 12:39:27 [PicGo INFO] Transforming...
2021-01-12 12:39:27 [PicGo INFO] Before transform
2021-01-12 12:39:27 [PicGo INFO] Transforming...
2021-01-12 12:39:27 [PicGo INFO] Before transform
2021-01-12 12:39:27 [PicGo INFO] Transforming...
2021-01-12 12:39:27 [PicGo INFO] Before transform
2021-01-12 12:39:27 [PicGo INFO] Transforming...
2021-01-12 12:39:27 [PicGo INFO] Before transform
2021-01-12 12:39:27 [PicGo INFO] Transforming...
2021-01-12 12:39:27 [PicGo INFO] Before transform
2021-01-12 12:39:27 [PicGo INFO] Transforming...
2021-01-12 12:39:27 [PicGo INFO] Before transform
2021-01-12 12:39:28 [PicGo INFO] Transforming...
2021-01-12 12:39:27 [PicGo INFO] Before transform
2021-01-12 12:39:28 [PicGo INFO] Transforming...
2021-01-12 12:39:27 [PicGo INFO] Before transform
2021-01-12 12:39:28 [PicGo INFO] Transforming...
2021-01-12 12:39:27 [PicGo INFO] Before transform
2021-01-12 12:39:28 [PicGo INFO] Transforming...
2021-01-12 12:39:28 [PicGo INFO] Before transform
2021-01-12 12:39:28 [PicGo INFO] Transforming...
2021-01-12 12:39:28 [PicGo INFO] Before transform
2021-01-12 12:39:28 [PicGo INFO] Transforming...
2021-01-12 12:39:28 [PicGo INFO] Before transform
2021-01-12 12:39:28 [PicGo INFO] Transforming...
2021-01-12 12:39:28 [PicGo INFO] Before transform
2021-01-12 12:39:28 [PicGo INFO] Transforming...
2021-01-12 12:39:28 [PicGo INFO] Before transform
2021-01-12 12:39:28 [PicGo INFO] Transforming...
2021-01-12 12:39:28 [PicGo INFO] Before transform
2021-01-12 12:39:28 [PicGo INFO] Transforming...
2021-01-12 12:39:28 [PicGo INFO] Before transform
2021-01-12 12:39:28 [PicGo INFO] Transforming...
2021-01-12 12:39:28 [PicGo INFO] Before transform
2021-01-12 12:39:28 [PicGo INFO] Transforming...
2021-01-12 12:39:28 [PicGo INFO] Before transform
2021-01-12 12:39:28 [PicGo INFO] Transforming...
2021-01-12 12:39:28 [PicGo INFO] Before transform
2021-01-12 12:39:28 [PicGo INFO] Transforming...
2021-01-12 12:39:28 [PicGo INFO] Before transform
2021-01-12 12:39:28 [PicGo INFO] Transforming...
2021-01-12 12:39:28 [PicGo INFO] Before transform
2021-01-12 12:39:28 [PicGo INFO] Transforming...
2021-01-12 12:39:28 [PicGo INFO] Before upload
2021-01-12 12:39:28 [PicGo INFO] Uploading...
2021-01-12 12:39:28 [PicGo INFO] Uploading...
2021-01-12 12:39:28 [PicGo INFO] Before upload
2021-01-12 12:39:28 [PicGo INFO] Uploading...
2021-01-12 12:39:28 [PicGo INFO] Before upload
2021-01-12 12:39:28 [PicGo INFO] Uploading...
2021-01-12 12:39:28 [PicGo INFO] Before upload
2021-01-12 12:39:28 [PicGo INFO] Uploading...
2021-01-12 12:39:28 [PicGo INFO] Before upload
2021-01-12 12:39:28 [PicGo INFO] Uploading...
2021-01-12 12:39:28 [PicGo INFO] Before upload
2021-01-12 12:39:28 [PicGo INFO] Uploading...
2021-01-12 12:39:28 [PicGo INFO] Before upload
2021-01-12 12:39:28 [PicGo INFO] Uploading...
2021-01-12 12:39:28 [PicGo INFO] Before upload
2021-01-12 12:39:28 [PicGo INFO] Uploading...
2021-01-12 12:39:28 [PicGo INFO] Before upload
2021-01-12 12:39:28 [PicGo INFO] Uploading...
2021-01-12 12:39:28 [PicGo INFO] Before upload
2021-01-12 12:39:28 [PicGo INFO] Uploading...
2021-01-12 12:39:28 [PicGo INFO] Before upload
2021-01-12 12:39:28 [PicGo INFO] Uploading...
2021-01-12 12:39:28 [PicGo INFO] Before upload
2021-01-12 12:39:28 [PicGo INFO] Uploading...
2021-01-12 12:39:28 [PicGo INFO] Before upload
2021-01-12 12:39:28 [PicGo INFO] Uploading...
2021-01-12 12:39:28 [PicGo INFO] Before upload
2021-01-12 12:39:28 [PicGo INFO] Uploading...
2021-01-12 12:39:28 [PicGo INFO] Before upload
2021-01-12 12:39:28 [PicGo INFO] Uploading...
2021-01-12 12:39:29 [PicGo INFO] Before upload
2021-01-12 12:39:29 [PicGo INFO] Uploading...
2021-01-12 12:39:29 [PicGo INFO] Before upload
2021-01-12 12:39:29 [PicGo INFO] Uploading...
2021-01-12 12:39:29 [PicGo INFO] Before upload
2021-01-12 12:39:29 [PicGo INFO] Uploading...
2021-01-12 12:39:29 [PicGo INFO] Before upload
2021-01-12 12:39:29 [PicGo INFO] Uploading...
2021-01-12 12:39:29 [PicGo INFO] Before upload
2021-01-12 12:39:29 [PicGo INFO] Uploading...
2021-01-12 12:39:29 [PicGo INFO] Before upload
2021-01-12 12:39:29 [PicGo INFO] Uploading...
2021-01-12 12:39:29 [PicGo INFO] Before upload
2021-01-12 12:39:29 [PicGo INFO] Uploading...
2021-01-12 12:39:29 [PicGo INFO] Before upload
2021-01-12 12:39:29 [PicGo INFO] Uploading...
2021-01-12 12:39:29 [PicGo INFO] Before upload
2021-01-12 12:39:29 [PicGo INFO] Uploading...
2021-01-12 12:39:29 [PicGo WARN] failed
2021-01-12 12:39:29 [PicGo ERROR] Error: Can't find smms config, please provide api token, see https://sm.ms/home/apitoken
------Error Stack Begin------
Error: Can't find smms config, please provide api token, see https://sm.ms/home/apitoken
    at Object.handle (/home/zzhenry/.config/Typora/picgo/linux/node_modules/picgo/dist/src/plugins/uploader/smms.js:26:15)
    at Lifecycle.doUpload (/home/zzhenry/.config/Typora/picgo/linux/node_modules/picgo/dist/src/core/Lifecycle.js:70:24)
    at Lifecycle.start (/home/zzhenry/.config/Typora/picgo/linux/node_modules/picgo/dist/src/core/Lifecycle.js:21:24)
    at processTicksAndRejections (internal/process/task_queues.js:93:5)
    at async PicGo.upload (/home/zzhenry/.config/Typora/picgo/linux/node_modules/picgo/dist/src/core/PicGo.js:156:13)
    at async Command.<anonymous> (/home/zzhenry/.config/Typora/picgo/linux/node_modules/picgo/dist/src/plugins/commander/upload.js:29:13)
-------Error Stack End-------
2021-01-12 12:39:29 [PicGo INFO] Uploading...
2021-01-12 12:39:29 [PicGo INFO] Before upload
2021-01-12 12:39:29 [PicGo INFO] Before upload
2021-01-12 12:39:29 [PicGo INFO] Uploading...
2021-01-12 12:39:29 [PicGo INFO] Before upload
2021-01-12 12:39:29 [PicGo INFO] Uploading...
2021-01-12 12:39:29 [PicGo INFO] Before upload
2021-01-12 12:39:29 [PicGo INFO] Uploading...
2021-01-12 12:39:29 [PicGo INFO] Before upload
2021-01-12 12:39:29 [PicGo INFO] Uploading...
2021-01-12 12:39:29 [PicGo INFO] Before upload
2021-01-12 12:39:29 [PicGo INFO] Uploading...
2021-01-12 12:39:29 [PicGo WARN] failed
2021-01-12 12:39:29 [PicGo ERROR] Error: Can't find smms config, please provide api token, see https://sm.ms/home/apitoken
------Error Stack Begin------
Error: Can't find smms config, please provide api token, see https://sm.ms/home/apitoken
    at Object.handle (/home/zzhenry/.config/Typora/picgo/linux/node_modules/picgo/dist/src/plugins/uploader/smms.js:26:15)
    at Lifecycle.doUpload (/home/zzhenry/.config/Typora/picgo/linux/node_modules/picgo/dist/src/core/Lifecycle.js:70:24)
    at Lifecycle.start (/home/zzhenry/.config/Typora/picgo/linux/node_modules/picgo/dist/src/core/Lifecycle.js:21:24)
    at processTicksAndRejections (internal/process/task_queues.js:93:5)
    at async PicGo.upload (/home/zzhenry/.config/Typora/picgo/linux/node_modules/picgo/dist/src/core/PicGo.js:156:13)
    at async Command.<anonymous> (/home/zzhenry/.config/Typora/picgo/linux/node_modules/picgo/dist/src/plugins/commander/upload.js:29:13)
-------Error Stack End-------
2021-01-12 12:39:29 [PicGo INFO] Before upload
2021-01-12 12:39:29 [PicGo INFO] Uploading...
2021-01-12 12:39:29 [PicGo INFO] Before upload
2021-01-12 12:39:29 [PicGo INFO] Uploading...
2021-01-12 12:39:29 [PicGo WARN] failed
2021-01-12 12:39:29 [PicGo ERROR] Error: Can't find smms config, please provide api token, see https://sm.ms/home/apitoken
------Error Stack Begin------
Error: Can't find smms config, please provide api token, see https://sm.ms/home/apitoken
    at Object.handle (/home/zzhenry/.config/Typora/picgo/linux/node_modules/picgo/dist/src/plugins/uploader/smms.js:26:15)
    at Lifecycle.doUpload (/home/zzhenry/.config/Typora/picgo/linux/node_modules/picgo/dist/src/core/Lifecycle.js:70:24)
    at Lifecycle.start (/home/zzhenry/.config/Typora/picgo/linux/node_modules/picgo/dist/src/core/Lifecycle.js:21:24)
    at processTicksAndRejections (internal/process/task_queues.js:93:5)
    at async PicGo.upload (/home/zzhenry/.config/Typora/picgo/linux/node_modules/picgo/dist/src/core/PicGo.js:156:13)
    at async Command.<anonymous> (/home/zzhenry/.config/Typora/picgo/linux/node_modules/picgo/dist/src/plugins/commander/upload.js:29:13)
-------Error Stack End-------
2021-01-12 12:39:29 [PicGo INFO] Before upload
2021-01-12 12:39:29 [PicGo INFO] Uploading...
2021-01-12 12:39:29 [PicGo WARN] failed
2021-01-12 12:39:29 [PicGo ERROR] Error: Can't find smms config, please provide api token, see https://sm.ms/home/apitoken
------Error Stack Begin------
Error: Can't find smms config, please provide api token, see https://sm.ms/home/apitoken
    at Object.handle (/home/zzhenry/.config/Typora/picgo/linux/node_modules/picgo/dist/src/plugins/uploader/smms.js:26:15)
    at Lifecycle.doUpload (/home/zzhenry/.config/Typora/picgo/linux/node_modules/picgo/dist/src/core/Lifecycle.js:70:24)
    at Lifecycle.start (/home/zzhenry/.config/Typora/picgo/linux/node_modules/picgo/dist/src/core/Lifecycle.js:21:24)
    at processTicksAndRejections (internal/process/task_queues.js:93:5)
    at async PicGo.upload (/home/zzhenry/.config/Typora/picgo/linux/node_modules/picgo/dist/src/core/PicGo.js:156:13)
    at async Command.<anonymous> (/home/zzhenry/.config/Typora/picgo/linux/node_modules/picgo/dist/src/plugins/commander/upload.js:29:13)
-------Error Stack End-------
2021-01-12 12:39:29 [PicGo INFO] Before upload
2021-01-12 12:39:29 [PicGo INFO] Uploading...
2021-01-12 12:39:29 [PicGo INFO] Before upload
2021-01-12 12:39:29 [PicGo INFO] Uploading...
2021-01-12 12:39:29 [PicGo INFO] Before upload
2021-01-12 12:39:29 [PicGo INFO] Uploading...
2021-01-12 12:39:29 [PicGo WARN] failed
2021-01-12 12:39:29 [PicGo ERROR] Error: Can't find smms config, please provide api token, see https://sm.ms/home/apitoken
------Error Stack Begin------
Error: Can't find smms config, please provide api token, see https://sm.ms/home/apitoken
    at Object.handle (/home/zzhenry/.config/Typora/picgo/linux/node_modules/picgo/dist/src/plugins/uploader/smms.js:26:15)
    at Lifecycle.doUpload (/home/zzhenry/.config/Typora/picgo/linux/node_modules/picgo/dist/src/core/Lifecycle.js:70:24)
    at Lifecycle.start (/home/zzhenry/.config/Typora/picgo/linux/node_modules/picgo/dist/src/core/Lifecycle.js:21:24)
    at processTicksAndRejections (internal/process/task_queues.js:93:5)
    at async PicGo.upload (/home/zzhenry/.config/Typora/picgo/linux/node_modules/picgo/dist/src/core/PicGo.js:156:13)
    at async Command.<anonymous> (/home/zzhenry/.config/Typora/picgo/linux/node_modules/picgo/dist/src/plugins/commander/upload.js:29:13)
-------Error Stack End-------
2021-01-12 12:39:29 [PicGo INFO] Before upload
2021-01-12 12:39:29 [PicGo INFO] Uploading...
2021-01-12 12:39:29 [PicGo WARN] failed
2021-01-12 12:39:29 [PicGo ERROR] Error: Can't find smms config, please provide api token, see https://sm.ms/home/apitoken
------Error Stack Begin------
Error: Can't find smms config, please provide api token, see https://sm.ms/home/apitoken
    at Object.handle (/home/zzhenry/.config/Typora/picgo/linux/node_modules/picgo/dist/src/plugins/uploader/smms.js:26:15)
    at Lifecycle.doUpload (/home/zzhenry/.config/Typora/picgo/linux/node_modules/picgo/dist/src/core/Lifecycle.js:70:24)
    at Lifecycle.start (/home/zzhenry/.config/Typora/picgo/linux/node_modules/picgo/dist/src/core/Lifecycle.js:21:24)
    at processTicksAndRejections (internal/process/task_queues.js:93:5)
    at async PicGo.upload (/home/zzhenry/.config/Typora/picgo/linux/node_modules/picgo/dist/src/core/PicGo.js:156:13)
    at async Command.<anonymous> (/home/zzhenry/.config/Typora/picgo/linux/node_modules/picgo/dist/src/plugins/commander/upload.js:29:13)
-------Error Stack End-------
2021-01-12 12:39:29 [PicGo INFO] Before upload
2021-01-12 12:39:29 [PicGo INFO] Uploading...
2021-01-12 12:39:29 [PicGo WARN] failed
2021-01-12 12:39:29 [PicGo ERROR] Error: Can't find smms config, please provide api token, see https://sm.ms/home/apitoken
------Error Stack Begin------
Error: Can't find smms config, please provide api token, see https://sm.ms/home/apitoken
    at Object.handle (/home/zzhenry/.config/Typora/picgo/linux/node_modules/picgo/dist/src/plugins/uploader/smms.js:26:15)
    at Lifecycle.doUpload (/home/zzhenry/.config/Typora/picgo/linux/node_modules/picgo/dist/src/core/Lifecycle.js:70:24)
    at Lifecycle.start (/home/zzhenry/.config/Typora/picgo/linux/node_modules/picgo/dist/src/core/Lifecycle.js:21:24)
    at processTicksAndRejections (internal/process/task_queues.js:93:5)
    at async PicGo.upload (/home/zzhenry/.config/Typora/picgo/linux/node_modules/picgo/dist/src/core/PicGo.js:156:13)
    at async Command.<anonymous> (/home/zzhenry/.config/Typora/picgo/linux/node_modules/picgo/dist/src/plugins/commander/upload.js:29:13)
-------Error Stack End-------
2021-01-12 12:39:31 [PicGo INFO] Before upload
2021-01-12 12:39:31 [PicGo INFO] Uploading...
2021-01-12 12:39:31 [PicGo WARN] failed
2021-01-12 12:39:31 [PicGo ERROR] StatusCodeError: 429 - "<html>\r\n<head><title>429 Too Many Requests</title></head>\r\n<body>\r\n<center><h1>429 Too Many Requests</h1></center>\r\n<hr><center>nginx</center>\r\n</body>\r\n</html>\r\n"
------Error Stack Begin------
StatusCodeError: 429 - "<html>\r\n<head><title>429 Too Many Requests</title></head>\r\n<body>\r\n<center><h1>429 Too Many Requests</h1></center>\r\n<hr><center>nginx</center>\r\n</body>\r\n</html>\r\n"
    at new StatusCodeError (/home/zzhenry/.config/Typora/picgo/linux/node_modules/request-promise-core/lib/errors.js:32:15)
    at Request.plumbing.callback (/home/zzhenry/.config/Typora/picgo/linux/node_modules/request-promise-core/lib/plumbing.js:104:33)
    at Request.RP$callback [as _callback] (/home/zzhenry/.config/Typora/picgo/linux/node_modules/request-promise-core/lib/plumbing.js:46:31)
    at Request.self.callback (/home/zzhenry/.config/Typora/picgo/linux/node_modules/request/request.js:185:22)
    at Request.emit (events.js:210:5)
    at Request.<anonymous> (/home/zzhenry/.config/Typora/picgo/linux/node_modules/request/request.js:1154:10)
    at Request.emit (events.js:210:5)
    at IncomingMessage.<anonymous> (/home/zzhenry/.config/Typora/picgo/linux/node_modules/request/request.js:1076:12)
    at Object.onceWrapper (events.js:299:28)
    at IncomingMessage.emit (events.js:215:7)
-------Error Stack End-------
2021-01-12 12:39:31 [PicGo WARN] failed
2021-01-12 12:39:31 [PicGo WARN] failed
2021-01-12 12:39:31 [PicGo ERROR] StatusCodeError: 429 - "<html>\r\n<head><title>429 Too Many Requests</title></head>\r\n<body>\r\n<center><h1>429 Too Many Requests</h1></center>\r\n<hr><center>nginx</center>\r\n</body>\r\n</html>\r\n"
------Error Stack Begin------
StatusCodeError: 429 - "<html>\r\n<head><title>429 Too Many Requests</title></head>\r\n<body>\r\n<center><h1>429 Too Many Requests</h1></center>\r\n<hr><center>nginx</center>\r\n</body>\r\n</html>\r\n"
    at new StatusCodeError (/home/zzhenry/.config/Typora/picgo/linux/node_modules/request-promise-core/lib/errors.js:32:15)
    at Request.plumbing.callback (/home/zzhenry/.config/Typora/picgo/linux/node_modules/request-promise-core/lib/plumbing.js:104:33)
    at Request.RP$callback [as _callback] (/home/zzhenry/.config/Typora/picgo/linux/node_modules/request-promise-core/lib/plumbing.js:46:31)
    at Request.self.callback (/home/zzhenry/.config/Typora/picgo/linux/node_modules/request/request.js:185:22)
    at Request.emit (events.js:210:5)
    at Request.<anonymous> (/home/zzhenry/.config/Typora/picgo/linux/node_modules/request/request.js:1154:10)
    at Request.emit (events.js:210:5)
    at IncomingMessage.<anonymous> (/home/zzhenry/.config/Typora/picgo/linux/node_modules/request/request.js:1076:12)
    at Object.onceWrapper (events.js:299:28)
    at IncomingMessage.emit (events.js:215:7)
-------Error Stack End-------
2021-01-12 12:39:31 [PicGo ERROR] StatusCodeError: 429 - "<html>\r\n<head><title>429 Too Many Requests</title></head>\r\n<body>\r\n<center><h1>429 Too Many Requests</h1></center>\r\n<hr><center>nginx</center>\r\n</body>\r\n</html>\r\n"
------Error Stack Begin------
StatusCodeError: 429 - "<html>\r\n<head><title>429 Too Many Requests</title></head>\r\n<body>\r\n<center><h1>429 Too Many Requests</h1></center>\r\n<hr><center>nginx</center>\r\n</body>\r\n</html>\r\n"
    at new StatusCodeError (/home/zzhenry/.config/Typora/picgo/linux/node_modules/request-promise-core/lib/errors.js:32:15)
    at Request.plumbing.callback (/home/zzhenry/.config/Typora/picgo/linux/node_modules/request-promise-core/lib/plumbing.js:104:33)
    at Request.RP$callback [as _callback] (/home/zzhenry/.config/Typora/picgo/linux/node_modules/request-promise-core/lib/plumbing.js:46:31)
    at Request.self.callback (/home/zzhenry/.config/Typora/picgo/linux/node_modules/request/request.js:185:22)
    at Request.emit (events.js:210:5)
    at Request.<anonymous> (/home/zzhenry/.config/Typora/picgo/linux/node_modules/request/request.js:1154:10)
    at Request.emit (events.js:210:5)
    at IncomingMessage.<anonymous> (/home/zzhenry/.config/Typora/picgo/linux/node_modules/request/request.js:1076:12)
    at Object.onceWrapper (events.js:299:28)
    at IncomingMessage.emit (events.js:215:7)
-------Error Stack End-------
2021-01-12 12:39:31 [PicGo WARN] failed
2021-01-12 12:39:31 [PicGo ERROR] StatusCodeError: 429 - "<html>\r\n<head><title>429 Too Many Requests</title></head>\r\n<body>\r\n<center><h1>429 Too Many Requests</h1></center>\r\n<hr><center>nginx</center>\r\n</body>\r\n</html>\r\n"
------Error Stack Begin------
StatusCodeError: 429 - "<html>\r\n<head><title>429 Too Many Requests</title></head>\r\n<body>\r\n<center><h1>429 Too Many Requests</h1></center>\r\n<hr><center>nginx</center>\r\n</body>\r\n</html>\r\n"
    at new StatusCodeError (/home/zzhenry/.config/Typora/picgo/linux/node_modules/request-promise-core/lib/errors.js:32:15)
    at Request.plumbing.callback (/home/zzhenry/.config/Typora/picgo/linux/node_modules/request-promise-core/lib/plumbing.js:104:33)
    at Request.RP$callback [as _callback] (/home/zzhenry/.config/Typora/picgo/linux/node_modules/request-promise-core/lib/plumbing.js:46:31)
    at Request.self.callback (/home/zzhenry/.config/Typora/picgo/linux/node_modules/request/request.js:185:22)
    at Request.emit (events.js:210:5)
    at Request.<anonymous> (/home/zzhenry/.config/Typora/picgo/linux/node_modules/request/request.js:1154:10)
    at Request.emit (events.js:210:5)
    at IncomingMessage.<anonymous> (/home/zzhenry/.config/Typora/picgo/linux/node_modules/request/request.js:1076:12)
    at Object.onceWrapper (events.js:299:28)
    at IncomingMessage.emit (events.js:215:7)
-------Error Stack End-------
2021-01-12 12:39:31 [PicGo WARN] failed
2021-01-12 12:39:31 [PicGo ERROR] StatusCodeError: 429 - "<html>\r\n<head><title>429 Too Many Requests</title></head>\r\n<body>\r\n<center><h1>429 Too Many Requests</h1></center>\r\n<hr><center>nginx</center>\r\n</body>\r\n</html>\r\n"
------Error Stack Begin------
StatusCodeError: 429 - "<html>\r\n<head><title>429 Too Many Requests</title></head>\r\n<body>\r\n<center><h1>429 Too Many Requests</h1></center>\r\n<hr><center>nginx</center>\r\n</body>\r\n</html>\r\n"
    at new StatusCodeError (/home/zzhenry/.config/Typora/picgo/linux/node_modules/request-promise-core/lib/errors.js:32:15)
    at Request.plumbing.callback (/home/zzhenry/.config/Typora/picgo/linux/node_modules/request-promise-core/lib/plumbing.js:104:33)
    at Request.RP$callback [as _callback] (/home/zzhenry/.config/Typora/picgo/linux/node_modules/request-promise-core/lib/plumbing.js:46:31)
    at Request.self.callback (/home/zzhenry/.config/Typora/picgo/linux/node_modules/request/request.js:185:22)
    at Request.emit (events.js:210:5)
    at Request.<anonymous> (/home/zzhenry/.config/Typora/picgo/linux/node_modules/request/request.js:1154:10)
    at Request.emit (events.js:210:5)
    at IncomingMessage.<anonymous> (/home/zzhenry/.config/Typora/picgo/linux/node_modules/request/request.js:1076:12)
    at Object.onceWrapper (events.js:299:28)
    at IncomingMessage.emit (events.js:215:7)
-------Error Stack End-------
2021-01-12 12:39:31 [PicGo WARN] failed
2021-01-12 12:39:31 [PicGo ERROR] StatusCodeError: 429 - "<html>\r\n<head><title>429 Too Many Requests</title></head>\r\n<body>\r\n<center><h1>429 Too Many Requests</h1></center>\r\n<hr><center>nginx</center>\r\n</body>\r\n</html>\r\n"
------Error Stack Begin------
StatusCodeError: 429 - "<html>\r\n<head><title>429 Too Many Requests</title></head>\r\n<body>\r\n<center><h1>429 Too Many Requests</h1></center>\r\n<hr><center>nginx</center>\r\n</body>\r\n</html>\r\n"
    at new StatusCodeError (/home/zzhenry/.config/Typora/picgo/linux/node_modules/request-promise-core/lib/errors.js:32:15)
    at Request.plumbing.callback (/home/zzhenry/.config/Typora/picgo/linux/node_modules/request-promise-core/lib/plumbing.js:104:33)
    at Request.RP$callback [as _callback] (/home/zzhenry/.config/Typora/picgo/linux/node_modules/request-promise-core/lib/plumbing.js:46:31)
    at Request.self.callback (/home/zzhenry/.config/Typora/picgo/linux/node_modules/request/request.js:185:22)
    at Request.emit (events.js:210:5)
    at Request.<anonymous> (/home/zzhenry/.config/Typora/picgo/linux/node_modules/request/request.js:1154:10)
    at Request.emit (events.js:210:5)
    at IncomingMessage.<anonymous> (/home/zzhenry/.config/Typora/picgo/linux/node_modules/request/request.js:1076:12)
    at Object.onceWrapper (events.js:299:28)
    at IncomingMessage.emit (events.js:215:7)
-------Error Stack End-------
2021-01-12 12:39:31 [PicGo WARN] failed
2021-01-12 12:39:31 [PicGo ERROR] StatusCodeError: 429 - "<html>\r\n<head><title>429 Too Many Requests</title></head>\r\n<body>\r\n<center><h1>429 Too Many Requests</h1></center>\r\n<hr><center>nginx</center>\r\n</body>\r\n</html>\r\n"
------Error Stack Begin------
StatusCodeError: 429 - "<html>\r\n<head><title>429 Too Many Requests</title></head>\r\n<body>\r\n<center><h1>429 Too Many Requests</h1></center>\r\n<hr><center>nginx</center>\r\n</body>\r\n</html>\r\n"
    at new StatusCodeError (/home/zzhenry/.config/Typora/picgo/linux/node_modules/request-promise-core/lib/errors.js:32:15)
    at Request.plumbing.callback (/home/zzhenry/.config/Typora/picgo/linux/node_modules/request-promise-core/lib/plumbing.js:104:33)
    at Request.RP$callback [as _callback] (/home/zzhenry/.config/Typora/picgo/linux/node_modules/request-promise-core/lib/plumbing.js:46:31)
    at Request.self.callback (/home/zzhenry/.config/Typora/picgo/linux/node_modules/request/request.js:185:22)
    at Request.emit (events.js:210:5)
    at Request.<anonymous> (/home/zzhenry/.config/Typora/picgo/linux/node_modules/request/request.js:1154:10)
    at Request.emit (events.js:210:5)
    at IncomingMessage.<anonymous> (/home/zzhenry/.config/Typora/picgo/linux/node_modules/request/request.js:1076:12)
    at Object.onceWrapper (events.js:299:28)
    at IncomingMessage.emit (events.js:215:7)
-------Error Stack End-------
2021-01-12 12:39:31 [PicGo WARN] failed
2021-01-12 12:39:31 [PicGo ERROR] StatusCodeError: 429 - "<html>\r\n<head><title>429 Too Many Requests</title></head>\r\n<body>\r\n<center><h1>429 Too Many Requests</h1></center>\r\n<hr><center>nginx</center>\r\n</body>\r\n</html>\r\n"
------Error Stack Begin------
StatusCodeError: 429 - "<html>\r\n<head><title>429 Too Many Requests</title></head>\r\n<body>\r\n<center><h1>429 Too Many Requests</h1></center>\r\n<hr><center>nginx</center>\r\n</body>\r\n</html>\r\n"
    at new StatusCodeError (/home/zzhenry/.config/Typora/picgo/linux/node_modules/request-promise-core/lib/errors.js:32:15)
    at Request.plumbing.callback (/home/zzhenry/.config/Typora/picgo/linux/node_modules/request-promise-core/lib/plumbing.js:104:33)
    at Request.RP$callback [as _callback] (/home/zzhenry/.config/Typora/picgo/linux/node_modules/request-promise-core/lib/plumbing.js:46:31)
    at Request.self.callback (/home/zzhenry/.config/Typora/picgo/linux/node_modules/request/request.js:185:22)
    at Request.emit (events.js:210:5)
    at Request.<anonymous> (/home/zzhenry/.config/Typora/picgo/linux/node_modules/request/request.js:1154:10)
    at Request.emit (events.js:210:5)
    at IncomingMessage.<anonymous> (/home/zzhenry/.config/Typora/picgo/linux/node_modules/request/request.js:1076:12)
    at Object.onceWrapper (events.js:299:28)
    at IncomingMessage.emit (events.js:215:7)
-------Error Stack End-------
2021-01-12 12:39:31 [PicGo WARN] failed
2021-01-12 12:39:31 [PicGo ERROR] StatusCodeError: 429 - "<html>\r\n<head><title>429 Too Many Requests</title></head>\r\n<body>\r\n<center><h1>429 Too Many Requests</h1></center>\r\n<hr><center>nginx</center>\r\n</body>\r\n</html>\r\n"
------Error Stack Begin------
StatusCodeError: 429 - "<html>\r\n<head><title>429 Too Many Requests</title></head>\r\n<body>\r\n<center><h1>429 Too Many Requests</h1></center>\r\n<hr><center>nginx</center>\r\n</body>\r\n</html>\r\n"
    at new StatusCodeError (/home/zzhenry/.config/Typora/picgo/linux/node_modules/request-promise-core/lib/errors.js:32:15)
    at Request.plumbing.callback (/home/zzhenry/.config/Typora/picgo/linux/node_modules/request-promise-core/lib/plumbing.js:104:33)
    at Request.RP$callback [as _callback] (/home/zzhenry/.config/Typora/picgo/linux/node_modules/request-promise-core/lib/plumbing.js:46:31)
    at Request.self.callback (/home/zzhenry/.config/Typora/picgo/linux/node_modules/request/request.js:185:22)
    at Request.emit (events.js:210:5)
    at Request.<anonymous> (/home/zzhenry/.config/Typora/picgo/linux/node_modules/request/request.js:1154:10)
    at Request.emit (events.js:210:5)
    at IncomingMessage.<anonymous> (/home/zzhenry/.config/Typora/picgo/linux/node_modules/request/request.js:1076:12)
    at Object.onceWrapper (events.js:299:28)
    at IncomingMessage.emit (events.js:215:7)
-------Error Stack End-------
2021-01-12 12:39:31 [PicGo WARN] failed
2021-01-12 12:39:31 [PicGo ERROR] StatusCodeError: 429 - "<html>\r\n<head><title>429 Too Many Requests</title></head>\r\n<body>\r\n<center><h1>429 Too Many Requests</h1></center>\r\n<hr><center>nginx</center>\r\n</body>\r\n</html>\r\n"
------Error Stack Begin------
StatusCodeError: 429 - "<html>\r\n<head><title>429 Too Many Requests</title></head>\r\n<body>\r\n<center><h1>429 Too Many Requests</h1></center>\r\n<hr><center>nginx</center>\r\n</body>\r\n</html>\r\n"
    at new StatusCodeError (/home/zzhenry/.config/Typora/picgo/linux/node_modules/request-promise-core/lib/errors.js:32:15)
    at Request.plumbing.callback (/home/zzhenry/.config/Typora/picgo/linux/node_modules/request-promise-core/lib/plumbing.js:104:33)
    at Request.RP$callback [as _callback] (/home/zzhenry/.config/Typora/picgo/linux/node_modules/request-promise-core/lib/plumbing.js:46:31)
    at Request.self.callback (/home/zzhenry/.config/Typora/picgo/linux/node_modules/request/request.js:185:22)
    at Request.emit (events.js:210:5)
    at Request.<anonymous> (/home/zzhenry/.config/Typora/picgo/linux/node_modules/request/request.js:1154:10)
    at Request.emit (events.js:210:5)
    at IncomingMessage.<anonymous> (/home/zzhenry/.config/Typora/picgo/linux/node_modules/request/request.js:1076:12)
    at Object.onceWrapper (events.js:299:28)
    at IncomingMessage.emit (events.js:215:7)
-------Error Stack End-------
2021-01-12 12:39:31 [PicGo WARN] failed
2021-01-12 12:39:31 [PicGo ERROR] StatusCodeError: 429 - "<html>\r\n<head><title>429 Too Many Requests</title></head>\r\n<body>\r\n<center><h1>429 Too Many Requests</h1></center>\r\n<hr><center>nginx</center>\r\n</body>\r\n</html>\r\n"
------Error Stack Begin------
StatusCodeError: 429 - "<html>\r\n<head><title>429 Too Many Requests</title></head>\r\n<body>\r\n<center><h1>429 Too Many Requests</h1></center>\r\n<hr><center>nginx</center>\r\n</body>\r\n</html>\r\n"
    at new StatusCodeError (/home/zzhenry/.config/Typora/picgo/linux/node_modules/request-promise-core/lib/errors.js:32:15)
    at Request.plumbing.callback (/home/zzhenry/.config/Typora/picgo/linux/node_modules/request-promise-core/lib/plumbing.js:104:33)
    at Request.RP$callback [as _callback] (/home/zzhenry/.config/Typora/picgo/linux/node_modules/request-promise-core/lib/plumbing.js:46:31)
    at Request.self.callback (/home/zzhenry/.config/Typora/picgo/linux/node_modules/request/request.js:185:22)
    at Request.emit (events.js:210:5)
    at Request.<anonymous> (/home/zzhenry/.config/Typora/picgo/linux/node_modules/request/request.js:1154:10)
    at Request.emit (events.js:210:5)
    at IncomingMessage.<anonymous> (/home/zzhenry/.config/Typora/picgo/linux/node_modules/request/request.js:1076:12)
    at Object.onceWrapper (events.js:299:28)
    at IncomingMessage.emit (events.js:215:7)
-------Error Stack End-------
2021-01-12 12:39:32 [PicGo WARN] failed
2021-01-12 12:39:32 [PicGo ERROR] StatusCodeError: 429 - "<html>\r\n<head><title>429 Too Many Requests</title></head>\r\n<body>\r\n<center><h1>429 Too Many Requests</h1></center>\r\n<hr><center>nginx</center>\r\n</body>\r\n</html>\r\n"
------Error Stack Begin------
StatusCodeError: 429 - "<html>\r\n<head><title>429 Too Many Requests</title></head>\r\n<body>\r\n<center><h1>429 Too Many Requests</h1></center>\r\n<hr><center>nginx</center>\r\n</body>\r\n</html>\r\n"
    at new StatusCodeError (/home/zzhenry/.config/Typora/picgo/linux/node_modules/request-promise-core/lib/errors.js:32:15)
    at Request.plumbing.callback (/home/zzhenry/.config/Typora/picgo/linux/node_modules/request-promise-core/lib/plumbing.js:104:33)
    at Request.RP$callback [as _callback] (/home/zzhenry/.config/Typora/picgo/linux/node_modules/request-promise-core/lib/plumbing.js:46:31)
    at Request.self.callback (/home/zzhenry/.config/Typora/picgo/linux/node_modules/request/request.js:185:22)
    at Request.emit (events.js:210:5)
    at Request.<anonymous> (/home/zzhenry/.config/Typora/picgo/linux/node_modules/request/request.js:1154:10)
    at Request.emit (events.js:210:5)
    at IncomingMessage.<anonymous> (/home/zzhenry/.config/Typora/picgo/linux/node_modules/request/request.js:1076:12)
    at Object.onceWrapper (events.js:299:28)
    at IncomingMessage.emit (events.js:215:7)
-------Error Stack End-------
2021-01-12 12:39:32 [PicGo WARN] failed
2021-01-12 12:39:32 [PicGo ERROR] StatusCodeError: 429 - "<html>\r\n<head><title>429 Too Many Requests</title></head>\r\n<body>\r\n<center><h1>429 Too Many Requests</h1></center>\r\n<hr><center>nginx</center>\r\n</body>\r\n</html>\r\n"
------Error Stack Begin------
StatusCodeError: 429 - "<html>\r\n<head><title>429 Too Many Requests</title></head>\r\n<body>\r\n<center><h1>429 Too Many Requests</h1></center>\r\n<hr><center>nginx</center>\r\n</body>\r\n</html>\r\n"
    at new StatusCodeError (/home/zzhenry/.config/Typora/picgo/linux/node_modules/request-promise-core/lib/errors.js:32:15)
    at Request.plumbing.callback (/home/zzhenry/.config/Typora/picgo/linux/node_modules/request-promise-core/lib/plumbing.js:104:33)
    at Request.RP$callback [as _callback] (/home/zzhenry/.config/Typora/picgo/linux/node_modules/request-promise-core/lib/plumbing.js:46:31)
    at Request.self.callback (/home/zzhenry/.config/Typora/picgo/linux/node_modules/request/request.js:185:22)
    at Request.emit (events.js:210:5)
    at Request.<anonymous> (/home/zzhenry/.config/Typora/picgo/linux/node_modules/request/request.js:1154:10)
    at Request.emit (events.js:210:5)
    at IncomingMessage.<anonymous> (/home/zzhenry/.config/Typora/picgo/linux/node_modules/request/request.js:1076:12)
    at Object.onceWrapper (events.js:299:28)
    at IncomingMessage.emit (events.js:215:7)
-------Error Stack End-------
2021-01-12 12:39:32 [PicGo WARN] failed
2021-01-12 12:39:32 [PicGo ERROR] StatusCodeError: 429 - "<html>\r\n<head><title>429 Too Many Requests</title></head>\r\n<body>\r\n<center><h1>429 Too Many Requests</h1></center>\r\n<hr><center>nginx</center>\r\n</body>\r\n</html>\r\n"
------Error Stack Begin------
StatusCodeError: 429 - "<html>\r\n<head><title>429 Too Many Requests</title></head>\r\n<body>\r\n<center><h1>429 Too Many Requests</h1></center>\r\n<hr><center>nginx</center>\r\n</body>\r\n</html>\r\n"
    at new StatusCodeError (/home/zzhenry/.config/Typora/picgo/linux/node_modules/request-promise-core/lib/errors.js:32:15)
    at Request.plumbing.callback (/home/zzhenry/.config/Typora/picgo/linux/node_modules/request-promise-core/lib/plumbing.js:104:33)
    at Request.RP$callback [as _callback] (/home/zzhenry/.config/Typora/picgo/linux/node_modules/request-promise-core/lib/plumbing.js:46:31)
    at Request.self.callback (/home/zzhenry/.config/Typora/picgo/linux/node_modules/request/request.js:185:22)
    at Request.emit (events.js:210:5)
    at Request.<anonymous> (/home/zzhenry/.config/Typora/picgo/linux/node_modules/request/request.js:1154:10)
    at Request.emit (events.js:210:5)
    at IncomingMessage.<anonymous> (/home/zzhenry/.config/Typora/picgo/linux/node_modules/request/request.js:1076:12)
    at Object.onceWrapper (events.js:299:28)
    at IncomingMessage.emit (events.js:215:7)
-------Error Stack End-------
2021-01-12 12:39:32 [PicGo WARN] failed
2021-01-12 12:39:32 [PicGo ERROR] StatusCodeError: 429 - "<html>\r\n<head><title>429 Too Many Requests</title></head>\r\n<body>\r\n<center><h1>429 Too Many Requests</h1></center>\r\n<hr><center>nginx</center>\r\n</body>\r\n</html>\r\n"
------Error Stack Begin------
StatusCodeError: 429 - "<html>\r\n<head><title>429 Too Many Requests</title></head>\r\n<body>\r\n<center><h1>429 Too Many Requests</h1></center>\r\n<hr><center>nginx</center>\r\n</body>\r\n</html>\r\n"
    at new StatusCodeError (/home/zzhenry/.config/Typora/picgo/linux/node_modules/request-promise-core/lib/errors.js:32:15)
    at Request.plumbing.callback (/home/zzhenry/.config/Typora/picgo/linux/node_modules/request-promise-core/lib/plumbing.js:104:33)
    at Request.RP$callback [as _callback] (/home/zzhenry/.config/Typora/picgo/linux/node_modules/request-promise-core/lib/plumbing.js:46:31)
    at Request.self.callback (/home/zzhenry/.config/Typora/picgo/linux/node_modules/request/request.js:185:22)
    at Request.emit (events.js:210:5)
    at Request.<anonymous> (/home/zzhenry/.config/Typora/picgo/linux/node_modules/request/request.js:1154:10)
    at Request.emit (events.js:210:5)
    at IncomingMessage.<anonymous> (/home/zzhenry/.config/Typora/picgo/linux/node_modules/request/request.js:1076:12)
    at Object.onceWrapper (events.js:299:28)
    at IncomingMessage.emit (events.js:215:7)
-------Error Stack End-------
2021-01-12 12:39:32 [PicGo WARN] failed
2021-01-12 12:39:32 [PicGo ERROR] StatusCodeError: 429 - "<html>\r\n<head><title>429 Too Many Requests</title></head>\r\n<body>\r\n<center><h1>429 Too Many Requests</h1></center>\r\n<hr><center>nginx</center>\r\n</body>\r\n</html>\r\n"
------Error Stack Begin------
StatusCodeError: 429 - "<html>\r\n<head><title>429 Too Many Requests</title></head>\r\n<body>\r\n<center><h1>429 Too Many Requests</h1></center>\r\n<hr><center>nginx</center>\r\n</body>\r\n</html>\r\n"
    at new StatusCodeError (/home/zzhenry/.config/Typora/picgo/linux/node_modules/request-promise-core/lib/errors.js:32:15)
    at Request.plumbing.callback (/home/zzhenry/.config/Typora/picgo/linux/node_modules/request-promise-core/lib/plumbing.js:104:33)
    at Request.RP$callback [as _callback] (/home/zzhenry/.config/Typora/picgo/linux/node_modules/request-promise-core/lib/plumbing.js:46:31)
    at Request.self.callback (/home/zzhenry/.config/Typora/picgo/linux/node_modules/request/request.js:185:22)
    at Request.emit (events.js:210:5)
    at Request.<anonymous> (/home/zzhenry/.config/Typora/picgo/linux/node_modules/request/request.js:1154:10)
    at Request.emit (events.js:210:5)
    at IncomingMessage.<anonymous> (/home/zzhenry/.config/Typora/picgo/linux/node_modules/request/request.js:1076:12)
    at Object.onceWrapper (events.js:299:28)
    at IncomingMessage.emit (events.js:215:7)
-------Error Stack End-------
2021-01-12 12:39:32 [PicGo WARN] failed
2021-01-12 12:39:32 [PicGo ERROR] StatusCodeError: 429 - "<html>\r\n<head><title>429 Too Many Requests</title></head>\r\n<body>\r\n<center><h1>429 Too Many Requests</h1></center>\r\n<hr><center>nginx</center>\r\n</body>\r\n</html>\r\n"
------Error Stack Begin------
StatusCodeError: 429 - "<html>\r\n<head><title>429 Too Many Requests</title></head>\r\n<body>\r\n<center><h1>429 Too Many Requests</h1></center>\r\n<hr><center>nginx</center>\r\n</body>\r\n</html>\r\n"
    at new StatusCodeError (/home/zzhenry/.config/Typora/picgo/linux/node_modules/request-promise-core/lib/errors.js:32:15)
    at Request.plumbing.callback (/home/zzhenry/.config/Typora/picgo/linux/node_modules/request-promise-core/lib/plumbing.js:104:33)
    at Request.RP$callback [as _callback] (/home/zzhenry/.config/Typora/picgo/linux/node_modules/request-promise-core/lib/plumbing.js:46:31)
    at Request.self.callback (/home/zzhenry/.config/Typora/picgo/linux/node_modules/request/request.js:185:22)
    at Request.emit (events.js:210:5)
    at Request.<anonymous> (/home/zzhenry/.config/Typora/picgo/linux/node_modules/request/request.js:1154:10)
    at Request.emit (events.js:210:5)
    at IncomingMessage.<anonymous> (/home/zzhenry/.config/Typora/picgo/linux/node_modules/request/request.js:1076:12)
    at Object.onceWrapper (events.js:299:28)
    at IncomingMessage.emit (events.js:215:7)
-------Error Stack End-------
2021-01-12 12:39:32 [PicGo WARN] failed
2021-01-12 12:39:32 [PicGo ERROR] StatusCodeError: 429 - "<html>\r\n<head><title>429 Too Many Requests</title></head>\r\n<body>\r\n<center><h1>429 Too Many Requests</h1></center>\r\n<hr><center>nginx</center>\r\n</body>\r\n</html>\r\n"
------Error Stack Begin------
StatusCodeError: 429 - "<html>\r\n<head><title>429 Too Many Requests</title></head>\r\n<body>\r\n<center><h1>429 Too Many Requests</h1></center>\r\n<hr><center>nginx</center>\r\n</body>\r\n</html>\r\n"
    at new StatusCodeError (/home/zzhenry/.config/Typora/picgo/linux/node_modules/request-promise-core/lib/errors.js:32:15)
    at Request.plumbing.callback (/home/zzhenry/.config/Typora/picgo/linux/node_modules/request-promise-core/lib/plumbing.js:104:33)
    at Request.RP$callback [as _callback] (/home/zzhenry/.config/Typora/picgo/linux/node_modules/request-promise-core/lib/plumbing.js:46:31)
    at Request.self.callback (/home/zzhenry/.config/Typora/picgo/linux/node_modules/request/request.js:185:22)
    at Request.emit (events.js:210:5)
    at Request.<anonymous> (/home/zzhenry/.config/Typora/picgo/linux/node_modules/request/request.js:1154:10)
    at Request.emit (events.js:210:5)
    at IncomingMessage.<anonymous> (/home/zzhenry/.config/Typora/picgo/linux/node_modules/request/request.js:1076:12)
    at Object.onceWrapper (events.js:299:28)
    at IncomingMessage.emit (events.js:215:7)
-------Error Stack End-------
2021-01-12 12:39:32 [PicGo WARN] failed
2021-01-12 12:39:32 [PicGo ERROR] StatusCodeError: 429 - "<html>\r\n<head><title>429 Too Many Requests</title></head>\r\n<body>\r\n<center><h1>429 Too Many Requests</h1></center>\r\n<hr><center>nginx</center>\r\n</body>\r\n</html>\r\n"
------Error Stack Begin------
StatusCodeError: 429 - "<html>\r\n<head><title>429 Too Many Requests</title></head>\r\n<body>\r\n<center><h1>429 Too Many Requests</h1></center>\r\n<hr><center>nginx</center>\r\n</body>\r\n</html>\r\n"
    at new StatusCodeError (/home/zzhenry/.config/Typora/picgo/linux/node_modules/request-promise-core/lib/errors.js:32:15)
    at Request.plumbing.callback (/home/zzhenry/.config/Typora/picgo/linux/node_modules/request-promise-core/lib/plumbing.js:104:33)
    at Request.RP$callback [as _callback] (/home/zzhenry/.config/Typora/picgo/linux/node_modules/request-promise-core/lib/plumbing.js:46:31)
    at Request.self.callback (/home/zzhenry/.config/Typora/picgo/linux/node_modules/request/request.js:185:22)
    at Request.emit (events.js:210:5)
    at Request.<anonymous> (/home/zzhenry/.config/Typora/picgo/linux/node_modules/request/request.js:1154:10)
    at Request.emit (events.js:210:5)
    at IncomingMessage.<anonymous> (/home/zzhenry/.config/Typora/picgo/linux/node_modules/request/request.js:1076:12)
    at Object.onceWrapper (events.js:299:28)
    at IncomingMessage.emit (events.js:215:7)
-------Error Stack End-------
2021-01-12 12:39:42 [PicGo SUCCESS] 
https://i.loli.net/2021/01/13/UkwmJjur7D25sSd.jpg
2021-01-12 12:39:42 [PicGo SUCCESS] 
https://i.loli.net/2021/01/13/MAbLXJ5PVZmEkqz.jpg
2021-01-12 12:39:42 [PicGo SUCCESS] 
https://i.loli.net/2021/01/13/CB26rex7SKoPnTz.jpg
2021-01-12 12:39:42 [PicGo SUCCESS] 
https://i.loli.net/2021/01/13/yoEOK2gz8Ax6P1k.jpg
2021-01-12 12:39:42 [PicGo SUCCESS] 
https://i.loli.net/2021/01/13/Aw1LiO956sMk3SR.jpg
2021-01-12 12:39:42 [PicGo SUCCESS] 
https://i.loli.net/2021/01/13/T9DK7CESuvb6lf3.jpg
2021-01-12 12:39:42 [PicGo SUCCESS] 
https://i.loli.net/2021/01/13/4lzBvjI7xV9JASa.jpg
2021-01-12 12:39:42 [PicGo SUCCESS] 
https://i.loli.net/2021/01/13/fHirNkadVX8DM5m.jpg
2021-01-12 12:39:42 [PicGo SUCCESS] 
https://i.loli.net/2021/01/13/LFO6x7vedwcRZ4l.jpg
2021-01-12 12:39:42 [PicGo SUCCESS] 
https://i.loli.net/2021/01/13/ySzejx6XuCkHJsw.jpg
2021-01-12 12:39:42 [PicGo SUCCESS] 
https://i.loli.net/2021/01/13/GilBu9ExwZqVnOr.jpg
2021-01-12 12:39:42 [PicGo SUCCESS] 
https://i.loli.net/2021/01/13/5XvEPUSIRkqFm6B.jpg
2021-01-12 12:39:42 [PicGo SUCCESS] 
https://i.loli.net/2021/01/13/YqdPOTLhrm5pS7G.jpg
2021-01-12 12:39:45 [PicGo SUCCESS] 
https://i.loli.net/2021/01/13/Ame6VoOFdyuIhKj.jpg
2021-01-12 12:40:03 [PicGo INFO] Before transform
2021-01-12 12:40:03 [PicGo INFO] Transforming...
2021-01-12 12:40:05 [PicGo INFO] Before upload
2021-01-12 12:40:05 [PicGo INFO] Uploading...
2021-01-12 12:40:05 [PicGo WARN] failed
2021-01-12 12:40:05 [PicGo ERROR] Error: Can't find smms config, please provide api token, see https://sm.ms/home/apitoken
------Error Stack Begin------
Error: Can't find smms config, please provide api token, see https://sm.ms/home/apitoken
    at Object.handle (/home/zzhenry/.config/Typora/picgo/linux/node_modules/picgo/dist/src/plugins/uploader/smms.js:26:15)
    at Lifecycle.doUpload (/home/zzhenry/.config/Typora/picgo/linux/node_modules/picgo/dist/src/core/Lifecycle.js:70:24)
    at Lifecycle.start (/home/zzhenry/.config/Typora/picgo/linux/node_modules/picgo/dist/src/core/Lifecycle.js:21:24)
    at processTicksAndRejections (internal/process/task_queues.js:93:5)
    at async PicGo.upload (/home/zzhenry/.config/Typora/picgo/linux/node_modules/picgo/dist/src/core/PicGo.js:156:13)
    at async Command.<anonymous> (/home/zzhenry/.config/Typora/picgo/linux/node_modules/picgo/dist/src/plugins/commander/upload.js:29:13)
-------Error Stack End-------
2021-01-12 12:41:30 [PicGo INFO] Before transform
2021-01-12 12:41:30 [PicGo INFO] Transforming...
2021-01-12 12:41:30 [PicGo INFO] Before upload
2021-01-12 12:41:30 [PicGo INFO] Uploading...
2021-01-12 12:41:30 [PicGo WARN] failed
2021-01-12 12:41:30 [PicGo ERROR] Error: Can't find smms config, please provide api token, see https://sm.ms/home/apitoken
------Error Stack Begin------
Error: Can't find smms config, please provide api token, see https://sm.ms/home/apitoken
    at Object.handle (/home/zzhenry/.config/Typora/picgo/linux/node_modules/picgo/dist/src/plugins/uploader/smms.js:26:15)
    at Lifecycle.doUpload (/home/zzhenry/.config/Typora/picgo/linux/node_modules/picgo/dist/src/core/Lifecycle.js:70:24)
    at Lifecycle.start (/home/zzhenry/.config/Typora/picgo/linux/node_modules/picgo/dist/src/core/Lifecycle.js:21:24)
    at async PicGo.upload (/home/zzhenry/.config/Typora/picgo/linux/node_modules/picgo/dist/src/core/PicGo.js:156:13)
    at async Command.<anonymous> (/home/zzhenry/.config/Typora/picgo/linux/node_modules/picgo/dist/src/plugins/commander/upload.js:29:13)
-------Error Stack End-------
2021-01-12 12:41:38 [PicGo INFO] Before transform
2021-01-12 12:41:38 [PicGo INFO] Transforming...
2021-01-12 12:41:38 [PicGo INFO] Before upload
2021-01-12 12:41:38 [PicGo INFO] Uploading...
2021-01-12 12:41:38 [PicGo WARN] failed
2021-01-12 12:41:38 [PicGo ERROR] Error: Can't find smms config, please provide api token, see https://sm.ms/home/apitoken
------Error Stack Begin------
Error: Can't find smms config, please provide api token, see https://sm.ms/home/apitoken
    at Object.handle (/home/zzhenry/.config/Typora/picgo/linux/node_modules/picgo/dist/src/plugins/uploader/smms.js:26:15)
    at Lifecycle.doUpload (/home/zzhenry/.config/Typora/picgo/linux/node_modules/picgo/dist/src/core/Lifecycle.js:70:24)
    at Lifecycle.start (/home/zzhenry/.config/Typora/picgo/linux/node_modules/picgo/dist/src/core/Lifecycle.js:21:24)
    at async PicGo.upload (/home/zzhenry/.config/Typora/picgo/linux/node_modules/picgo/dist/src/core/PicGo.js:156:13)
    at async Command.<anonymous> (/home/zzhenry/.config/Typora/picgo/linux/node_modules/picgo/dist/src/plugins/commander/upload.js:29:13)
-------Error Stack End-------
2021-01-12 14:19:35 [PicGo INFO] Before transform
2021-01-12 14:19:36 [PicGo INFO] Transforming...
2021-01-12 14:19:36 [PicGo INFO] Before upload
2021-01-12 14:19:36 [PicGo INFO] Uploading...
2021-01-12 14:19:36 [PicGo WARN] failed
2021-01-12 14:19:36 [PicGo ERROR] Error: Can't find smms config, please provide api token, see https://sm.ms/home/apitoken
------Error Stack Begin------
Error: Can't find smms config, please provide api token, see https://sm.ms/home/apitoken
    at Object.handle (/home/zzhenry/.config/Typora/picgo/linux/node_modules/picgo/dist/src/plugins/uploader/smms.js:26:15)
    at Lifecycle.doUpload (/home/zzhenry/.config/Typora/picgo/linux/node_modules/picgo/dist/src/core/Lifecycle.js:70:24)
    at Lifecycle.start (/home/zzhenry/.config/Typora/picgo/linux/node_modules/picgo/dist/src/core/Lifecycle.js:21:24)
    at async PicGo.upload (/home/zzhenry/.config/Typora/picgo/linux/node_modules/picgo/dist/src/core/PicGo.js:156:13)
    at async Command.<anonymous> (/home/zzhenry/.config/Typora/picgo/linux/node_modules/picgo/dist/src/plugins/commander/upload.js:29:13)
-------Error Stack End-------
2021-01-12 14:19:49 [PicGo INFO] Before transform
2021-01-12 14:19:49 [PicGo INFO] Transforming...
2021-01-12 14:19:49 [PicGo ERROR] Error: Can't find smms config, please provide api token, see https://sm.ms/home/apitoken
------Error Stack Begin------
Error: Can't find smms config, please provide api token, see https://sm.ms/home/apitoken
    at Object.handle (/home/zzhenry/.config/Typora/picgo/linux/node_modules/picgo/dist/src/plugins/uploader/smms.js:26:15)
    at Lifecycle.doUpload (/home/zzhenry/.config/Typora/picgo/linux/node_modules/picgo/dist/src/core/Lifecycle.js:70:24)
    at Lifecycle.start (/home/zzhenry/.config/Typora/picgo/linux/node_modules/picgo/dist/src/core/Lifecycle.js:21:24)
    at async PicGo.upload (/home/zzhenry/.config/Typora/picgo/linux/node_modules/picgo/dist/src/core/PicGo.js:156:13)
    at async Command.<anonymous> (/home/zzhenry/.config/Typora/picgo/linux/node_modules/picgo/dist/src/plugins/commander/upload.js:29:13)
-------Error Stack End-------
2021-01-12 14:20:04 [PicGo INFO] Before transform
2021-01-12 14:20:04 [PicGo INFO] Transforming...
2021-01-12 14:20:04 [PicGo INFO] Before upload
2021-01-12 14:20:04 [PicGo INFO] Uploading...
2021-01-12 14:20:04 [PicGo WARN] failed
2021-01-12 14:20:04 [PicGo ERROR] Error: Can't find smms config, please provide api token, see https://sm.ms/home/apitoken
------Error Stack Begin------
Error: Can't find smms config, please provide api token, see https://sm.ms/home/apitoken
    at Object.handle (/home/zzhenry/.config/Typora/picgo/linux/node_modules/picgo/dist/src/plugins/uploader/smms.js:26:15)
    at Lifecycle.doUpload (/home/zzhenry/.config/Typora/picgo/linux/node_modules/picgo/dist/src/core/Lifecycle.js:70:24)
    at Lifecycle.start (/home/zzhenry/.config/Typora/picgo/linux/node_modules/picgo/dist/src/core/Lifecycle.js:21:24)
    at async PicGo.upload (/home/zzhenry/.config/Typora/picgo/linux/node_modules/picgo/dist/src/core/PicGo.js:156:13)
    at async Command.<anonymous> (/home/zzhenry/.config/Typora/picgo/linux/node_modules/picgo/dist/src/plugins/commander/upload.js:29:13)
-------Error Stack End-------
2021-01-12 14:21:53 [PicGo INFO] Before transform
2021-01-12 14:21:53 [PicGo INFO] Transforming...
2021-01-12 14:21:53 [PicGo INFO] Before upload
2021-01-12 14:21:53 [PicGo INFO] Uploading...
2021-01-12 14:21:53 [PicGo WARN] failed
2021-01-12 14:21:53 [PicGo ERROR] Error: Can't find smms config, please provide api token, see https://sm.ms/home/apitoken
------Error Stack Begin------
Error: Can't find smms config, please provide api token, see https://sm.ms/home/apitoken
    at Object.handle (/home/zzhenry/.config/Typora/picgo/linux/node_modules/picgo/dist/src/plugins/uploader/smms.js:26:15)
    at Lifecycle.doUpload (/home/zzhenry/.config/Typora/picgo/linux/node_modules/picgo/dist/src/core/Lifecycle.js:70:24)
    at Lifecycle.start (/home/zzhenry/.config/Typora/picgo/linux/node_modules/picgo/dist/src/core/Lifecycle.js:21:24)
    at async PicGo.upload (/home/zzhenry/.config/Typora/picgo/linux/node_modules/picgo/dist/src/core/PicGo.js:156:13)
    at async Command.<anonymous> (/home/zzhenry/.config/Typora/picgo/linux/node_modules/picgo/dist/src/plugins/commander/upload.js:29:13)
-------Error Stack End-------
2021-01-12 14:27:30 [PicGo INFO] Before transform
2021-01-12 14:27:30 [PicGo INFO] Transforming...
2021-01-12 14:27:30 [PicGo INFO] Before upload
2021-01-12 14:27:30 [PicGo INFO] Uploading...
2021-01-12 14:27:30 [PicGo WARN] failed
2021-01-12 14:27:30 [PicGo ERROR] Error: Can't find github config
------Error Stack Begin------
Error: Can't find github config
    at Object.handle (/home/zzhenry/.config/Typora/picgo/linux/node_modules/picgo/dist/src/plugins/uploader/github.js:20:15)
    at Lifecycle.doUpload (/home/zzhenry/.config/Typora/picgo/linux/node_modules/picgo/dist/src/core/Lifecycle.js:70:24)
    at Lifecycle.start (/home/zzhenry/.config/Typora/picgo/linux/node_modules/picgo/dist/src/core/Lifecycle.js:21:24)
    at async PicGo.upload (/home/zzhenry/.config/Typora/picgo/linux/node_modules/picgo/dist/src/core/PicGo.js:156:13)
    at async Command.<anonymous> (/home/zzhenry/.config/Typora/picgo/linux/node_modules/picgo/dist/src/plugins/commander/upload.js:29:13)
-------Error Stack End-------
2021-01-12 14:28:44 [PicGo INFO] Before transform
2021-01-12 14:28:44 [PicGo INFO] Transforming...
2021-01-12 14:28:44 [PicGo INFO] Before upload
2021-01-12 14:28:44 [PicGo INFO] Uploading...
2021-01-12 14:28:44 [PicGo WARN] failed
2021-01-12 14:28:44 [PicGo ERROR] StatusCodeError: 401 - {"message":"Bad credentials","documentation_url":"https://docs.github.com/rest"}
------Error Stack Begin------
StatusCodeError: 401 - {"message":"Bad credentials","documentation_url":"https://docs.github.com/rest"}
    at new StatusCodeError (/home/zzhenry/.config/Typora/picgo/linux/node_modules/request-promise-core/lib/errors.js:32:15)
    at Request.plumbing.callback (/home/zzhenry/.config/Typora/picgo/linux/node_modules/request-promise-core/lib/plumbing.js:104:33)
    at Request.RP$callback [as _callback] (/home/zzhenry/.config/Typora/picgo/linux/node_modules/request-promise-core/lib/plumbing.js:46:31)
    at Request.self.callback (/home/zzhenry/.config/Typora/picgo/linux/node_modules/request/request.js:185:22)
    at Request.emit (events.js:210:5)
    at Request.<anonymous> (/home/zzhenry/.config/Typora/picgo/linux/node_modules/request/request.js:1154:10)
    at Request.emit (events.js:210:5)
    at IncomingMessage.<anonymous> (/home/zzhenry/.config/Typora/picgo/linux/node_modules/request/request.js:1076:12)
    at Object.onceWrapper (events.js:299:28)
    at IncomingMessage.emit (events.js:215:7)
-------Error Stack End-------
2021-01-12 14:32:55 [PicGo INFO] Before transform
2021-01-12 14:32:55 [PicGo INFO] Transforming...
2021-01-12 14:32:55 [PicGo INFO] Before upload
2021-01-12 14:32:55 [PicGo INFO] Uploading...
2021-01-12 14:32:57 [PicGo SUCCESS] 
https://cdn.jsdelivr.net/gh/Shadowalker1995/images/2020/typora-icon.png
https://cdn.jsdelivr.net/gh/Shadowalker1995/images/2020/typora-icon2.png
2021-01-12 14:33:14 [PicGo INFO] Before transform
2021-01-12 14:33:14 [PicGo INFO] Transforming...
2021-01-12 14:33:14 [PicGo INFO] Before upload
2021-01-12 14:33:14 [PicGo INFO] Uploading...
2021-01-12 14:33:15 [PicGo SUCCESS] 
https://cdn.jsdelivr.net/gh/Shadowalker1995/images/2020/1212032_b7e8.jpg
